module.js:478
    throw err;
    ^

Error: Cannot find module '/root/Explorer/npm'
    at Function.Module._resolveFilename (module.js:476:15)
    at Function.Module._load (module.js:424:25)
    at Module.runMain (module.js:611:10)
    at run (bootstrap_node.js:394:7)
    at startup (bootstrap_node.js:160:9)
    at bootstrap_node.js:507:3

> explorer@1.7.1 start /root/Explorer
> node --stack-size=10000 ./bin/cluster

Starting cluster with pid: 2189
[0mGET /api/getblockhash?height=112508 [32m200 [0m25.064 ms - 64[0m
[0mGET /api/getblock?hash=84db2161010d006672e3eed7527955b94cdbc69b5147fc251d959d7712fc87de [32m200 [0m9.093 ms - 1024[0m
[0mGET /api/getrawtransaction?txid=82c3a074488c1669f2c3a863f241dacde6c6e7d7b3b8e17cd9d0b752c68ea032&decrypt=1 [32m200 [0m59.953 ms - 669[0m
[0mGET /api/getblock?hash=84db2161010d006672e3eed7527955b94cdbc69b5147fc251d959d7712fc87de [32m200 [0m17.018 ms - 1024[0m
[0mGET /api/getblock?hash=123bbd470e21fe252b4d77b30e35db5fdb0dbe9e8a11f88021b8ef49c0a8f11c [32m200 [0m30.660 ms - 1094[0m
[0mGET /api/getrawtransaction?txid=48679cfffa6fd60f0003394095ecb697c763f844bac506aef09ec70e6d6a5c13&decrypt=1 [32m200 [0m7.895 ms - 665[0m
[0mGET /api/getrawtransaction?txid=6d3aabab7272cf1fbe0e8fde83b6dd6151c373c25857efa3fff3ece8b48da4f1&decrypt=1 [32m200 [0m7.716 ms - 2161[0m
[0mGET /api/getblock?hash=123bbd470e21fe252b4d77b30e35db5fdb0dbe9e8a11f88021b8ef49c0a8f11c [32m200 [0m3.999 ms - 1094[0m
[0mGET /api/getblock?hash=84db2161010d006672e3eed7527955b94cdbc69b5147fc251d959d7712fc87de [32m200 [0m5.360 ms - 1024[0m
[0mGET /api/getrawtransaction?txid=eeb08bacac1d043b67f9e75e57d6e481be61a9282993ab0155e75d5028c8bcbb&decrypt=1 [32m200 [0m17.124 ms - 2155[0m
[0mGET /api/getrawtransaction?txid=3ff76c40c4611af9e2d54843a5087eed7c477ba432e21abd36b66ff92ed270d1&decrypt=1 [32m200 [0m24.823 ms - 2154[0m
[0mGET / [36m304 [0m1184.340 ms - -[0m
[0mGET /api/getdifficulty [32m200 [0m16.138 ms - 17[0m
[0mGET /ext/getlasttxs/0.00000001?_=1560968092093 [32m200 [0m83.698 ms - 42418[0m
[0mGET /api/getblockhash?height=112509 [32m200 [0m91.565 ms - 64[0m
[0mGET /api/getblock?hash=123bbd470e21fe252b4d77b30e35db5fdb0dbe9e8a11f88021b8ef49c0a8f11c [32m200 [0m10.567 ms - 1094[0m
[0mGET /api/getnetworkhashps [32m200 [0m8.423 ms - 13[0m
[0mGET /api/getblock?hash=a95c2a4ef30c250fbc532af6de55afb977d3a14ef0fe6fdeca0fec104d0d074e [32m200 [0m9.802 ms - 1023[0m
[0mGET /api/getrawtransaction?txid=21b28ae48dcbf4f3a81909fd413392819c671c752fa479fdc19a8f2f7bff9d7c&decrypt=1 [32m200 [0m9.298 ms - 2154[0m
[0mGET /api/getrawtransaction?txid=520dcee4f389244b5aab94d037e438d0e34d52de92307dc06f9ca67cc717be64&decrypt=1 [32m200 [0m6.678 ms - 669[0m
tx.vout: %o [ { value: 0,
    n: 0,
    scriptPubKey: { asm: '', hex: '', type: 'nonstandard' } },
  { value: 3771.4,
    n: 1,
    scriptPubKey: 
     { asm: '038eb71bce63879631e453027cd9e90b00d4b1159fd23b52be0d613be1044c0bb1 OP_CHECKSIG',
       hex: '21038eb71bce63879631e453027cd9e90b00d4b1159fd23b52be0d613be1044c0bb1ac',
       reqSigs: 1,
       type: 'pubkey',
       addresses: [Object] } },
  { value: 18,
    n: 2,
    scriptPubKey: 
     { asm: 'OP_DUP OP_HASH160 de0b0da15400d896a60e82b7a6747bb66a86e307 OP_EQUALVERIFY OP_CHECKSIG',
       hex: '76a914de0b0da15400d896a60e82b7a6747bb66a86e30788ac',
       reqSigs: 1,
       type: 'pubkeyhash',
       addresses: [Object] } } ]
[0mGET /api/getconnectioncount [32m200 [0m19.779 ms - 2[0m
[0mGET /themes/Cerulean/bootstrap.min.css [36m304 [0m6.367 ms - -[0m
[0mGET /api/getblock?hash=a95c2a4ef30c250fbc532af6de55afb977d3a14ef0fe6fdeca0fec104d0d074e [32m200 [0m46.928 ms - 1023[0m
[0mGET /api/getrawtransaction?txid=8aa5f1e8882e49f307b9e4aa853120429c2f583ee434823736d6674fb0c4dbf3&decrypt=1 [32m200 [0m8.371 ms - 2900[0m
[0mGET /api/getrawtransaction?txid=c8d1c69b30707154215cb6b8d95606ff01f43844c96347744d736b1da2cc5c78&decrypt=1 [32m200 [0m4.978 ms - 2640[0m
[0mGET /vendor/jqplot/jquery.jqplot.css [36m304 [0m7.832 ms - -[0m
[0mGET /stylesheets/style.css [36m304 [0m7.295 ms - -[0m
[0mGET /vendor/flags-css/css/flag-icon.min.css [36m304 [0m2.519 ms - -[0m
[0mGET /api/getmasternodecount [32m200 [0m74.024 ms - 134[0m
[0mGET /api/getblock?hash=a95c2a4ef30c250fbc532af6de55afb977d3a14ef0fe6fdeca0fec104d0d074e [32m200 [0m7.399 ms - 1023[0m
[0mGET /api/getblock?hash=123bbd470e21fe252b4d77b30e35db5fdb0dbe9e8a11f88021b8ef49c0a8f11c [32m200 [0m8.219 ms - 1094[0m
[0mGET /javascripts/analytics.js [36m304 [0m1.445 ms - -[0m
[0mGET /vendor/jqplot/jquery.jqplot.min.js [36m304 [0m0.454 ms - -[0m
[0mGET /api/getblockcount [32m200 [0m11.608 ms - 6[0m
[0mGET /api/getrawtransaction?txid=13416b94c0a2eba18b59a3fe70f955f34a8a434e1e0c976dba9ccfe987272161&decrypt=1 [32m200 [0m12.325 ms - 2646[0m
[0mGET /ext/summary [36m304 [0m1480.144 ms - -[0m
[0mGET /api/getrawtransaction?txid=96151690ea415ce4dbe64eeea8462f458ebd6f5483235594799d38511547024d&decrypt=1 [32m200 [0m20.495 ms - 2646[0m
[0mGET /vendor/jqplot/plugins/jqplot.dateAxisRenderer.min.js [36m304 [0m4.212 ms - -[0m
[0mGET /vendor/jqplot/plugins/jqplot.highlighter.min.js [36m304 [0m2.891 ms - -[0m
[0mGET /vendor/jqplot/plugins/jqplot.pieRenderer.min.js [36m304 [0m1.042 ms - -[0m
tx.vout: %o [ { value: 0,
    n: 0,
    scriptPubKey: { asm: '', hex: '', type: 'nonstandard' } },
  { value: 7823.98,
    n: 1,
    scriptPubKey: 
     { asm: '02043950ef77e852d4bdba7d41edccfc173706db01b4de52af46fc13bcde1940e5 OP_CHECKSIG',
       hex: '2102043950ef77e852d4bdba7d41edccfc173706db01b4de52af46fc13bcde1940e5ac',
       reqSigs: 1,
       type: 'pubkey',
       addresses: [Object] } },
  { value: 7805.99,
    n: 2,
    scriptPubKey: 
     { asm: '02043950ef77e852d4bdba7d41edccfc173706db01b4de52af46fc13bcde1940e5 OP_CHECKSIG',
       hex: '2102043950ef77e852d4bdba7d41edccfc173706db01b4de52af46fc13bcde1940e5ac',
       reqSigs: 1,
       type: 'pubkey',
       addresses: [Object] } },
  { value: 18,
    n: 3,
    scriptPubKey: 
     { asm: 'OP_DUP OP_HASH160 e723d56a1173297b6197b35b609589b673ddf28e OP_EQUALVERIFY OP_CHECKSIG',
       hex: '76a914e723d56a1173297b6197b35b609589b673ddf28e88ac',
       reqSigs: 1,
       type: 'pubkeyhash',
       addresses: [Object] } } ]
[0mGET /vendor/jqplot/plugins/jqplot.ohlcRenderer.min.js [36m304 [0m1.098 ms - -[0m
[0mGET /vendor/jqplot/plugins/jqplot.barRenderer.min.js [36m304 [0m0.848 ms - -[0m
[0mGET /api/getrawtransaction?txid=725cd41396d56e284549958719358de9842237e588b20a9cf9421e64166a9a73&decrypt=1 [32m200 [0m5.388 ms - 3098[0m
[0mGET /api/getblockhash?height=112510 [32m200 [0m4.315 ms - 64[0m
[0mGET /vendor/jqplot/plugins/jqplot.categoryAxisRenderer.min.js [36m304 [0m3.652 ms - -[0m
tx.vout: %o [ { value: 12.57992088,
    n: 0,
    scriptPubKey: 
     { asm: 'OP_DUP OP_HASH160 1858a3fdaef461785ac8e1e661a023f93330185a OP_EQUALVERIFY OP_CHECKSIG',
       hex: '76a9141858a3fdaef461785ac8e1e661a023f93330185a88ac',
       reqSigs: 1,
       type: 'pubkeyhash',
       addresses: [Object] } },
  { value: 2341.41,
    n: 1,
    scriptPubKey: 
     { asm: 'OP_DUP OP_HASH160 50d1c128a58204ceda66f5badb5f50bb5ee41a1d OP_EQUALVERIFY OP_CHECKSIG',
       hex: '76a91450d1c128a58204ceda66f5badb5f50bb5ee41a1d88ac',
       reqSigs: 1,
       type: 'pubkeyhash',
       addresses: [Object] } } ]
[0mGET /api/getblock?hash=bab9e36bf99b7f4c680569ec0ca0229582b591b605fad81255b0f4daf5ef4efa [32m200 [0m9.194 ms - 1024[0m
[0mGET /api/getrawtransaction?txid=fd8810898e771fe9de097b4a0b4460d49ab3e67d8d6625f50618dcfa4d19a91c&decrypt=1 [32m200 [0m21.601 ms - 669[0m
[0mGET /javascripts/chart.js [36m304 [0m15.196 ms - -[0m
[0mGET /block/123bbd470e21fe252b4d77b30e35db5fdb0dbe9e8a11f88021b8ef49c0a8f11c [32m200 [0m2150.255 ms - 11416[0m
[0mGET /images/logo-top.png [36m304 [0m428.073 ms - -[0m
[0mGET /themes/fonts/glyphicons-halflings-regular.eot? [33m404 [0m301.950 ms - 9503[0m
[0mGET /datatable/lang [36m304 [0m305.257 ms - -[0m
[0mGET /api/getblock?hash=bab9e36bf99b7f4c680569ec0ca0229582b591b605fad81255b0f4daf5ef4efa [32m200 [0m317.309 ms - 1024[0m
[0mGET /api/getdifficulty [32m200 [0m8.059 ms - 17[0m
[0mGET /api/getnetworkhashps [32m200 [0m2.087 ms - 13[0m
[0mGET /api/getconnectioncount [32m200 [0m1.536 ms - 2[0m
[0mGET /api/getrawtransaction?txid=7d6405ea656907b57bb2ca947c34ab0d37808d44315e16159e6ecd60169c2437&decrypt=1 [32m200 [0m4.755 ms - 2155[0m
[0mGET /api/getblock?hash=bab9e36bf99b7f4c680569ec0ca0229582b591b605fad81255b0f4daf5ef4efa [32m200 [0m7.463 ms - 1024[0m
[0mGET /api/getmasternodecount [32m200 [0m30.270 ms - 134[0m
[0mGET /api/getrawtransaction?txid=72df75080a3d7c5e6c8df8a3bcb99b95803947128f5fd69dafc2c565da25b51d&decrypt=1 [32m200 [0m12.082 ms - 2155[0m
[0mGET /api/getblockcount [32m200 [0m7.800 ms - 6[0m
[0mGET /ext/summary [36m304 [0m401.449 ms - -[0m
[0mGET /api/getblockhash?height=112511 [32m200 [0m2.052 ms - 64[0m
[0mGET /api/getblock?hash=cc4816c0a4e24707581936873be6d0f4d882640aabfb98b8fb20094a921addea [32m200 [0m2.598 ms - 1024[0m
[0mGET /api/getrawtransaction?txid=ace4b7f05e60f51bbe44652a2abdfafc30405b6ac3aa98f0035bdeb3b63f1e94&decrypt=1 [32m200 [0m2.513 ms - 669[0m
[0mGET /api/getblock?hash=cc4816c0a4e24707581936873be6d0f4d882640aabfb98b8fb20094a921addea [32m200 [0m8.612 ms - 1024[0m
[0mGET /api/getrawtransaction?txid=cdf0b8e5a80268720668230e07451fab0bf162bbca3d2076888de0d0f7e57ec7&decrypt=1 [32m200 [0m5.816 ms - 2161[0m
[0mGET /api/getblock?hash=cc4816c0a4e24707581936873be6d0f4d882640aabfb98b8fb20094a921addea [32m200 [0m3.272 ms - 1024[0m
[0mGET /api/getrawtransaction?txid=db5b949d9a6d89747775da2884c4ea6d5d71fdbad41efe77d78463d660deeb35&decrypt=1 [32m200 [0m3.110 ms - 2161[0m
[0mGET /themes/fonts/glyphicons-halflings-regular.woff [36m304 [0m0.504 ms - -[0m
[0mGET /api/getblockhash?height=112512 [32m200 [0m1.927 ms - 64[0m
[0mGET /api/getblock?hash=21011649c20c929a1b82e265025c5ddd9ce1b613ba8cdde2141605f4c2617585 [32m200 [0m2.057 ms - 1024[0m
[0mGET /api/getrawtransaction?txid=4095f18b78e9efa121dbf5ca99c29f8644789e1f2b4873b739985fadd8d166a7&decrypt=1 [32m200 [0m2.874 ms - 669[0m
[0mGET /api/getblock?hash=21011649c20c929a1b82e265025c5ddd9ce1b613ba8cdde2141605f4c2617585 [32m200 [0m2.164 ms - 1024[0m
[0mGET /api/getrawtransaction?txid=d80f8fc9c9ee8d93712f40a6229cbcc82a45f813bcb266aeed153e5368563820&decrypt=1 [32m200 [0m2.445 ms - 2161[0m
[0mGET /api/getblock?hash=21011649c20c929a1b82e265025c5ddd9ce1b613ba8cdde2141605f4c2617585 [32m200 [0m1.945 ms - 1024[0m
[0mGET /api/getrawtransaction?txid=c3be1ea03c195d7a91a1c4d196f9cbac33e58dc3f76dc216815a6518229f0a62&decrypt=1 [32m200 [0m3.640 ms - 2161[0m
[0mGET /api/getblockhash?height=112513 [32m200 [0m5.370 ms - 64[0m
[0mGET /api/getblock?hash=0aa86070fade370a5fc08b10ec682696dd044612ab0aa4d805a7075e04dea858 [32m200 [0m7.574 ms - 1024[0m
[0mGET /api/getrawtransaction?txid=f094471866a5085ad0e52f0a1f719aba91f959a49e7f96ef376a8e7ed12aef99&decrypt=1 [32m200 [0m1.884 ms - 669[0m
[0mGET /api/getblock?hash=0aa86070fade370a5fc08b10ec682696dd044612ab0aa4d805a7075e04dea858 [32m200 [0m2.017 ms - 1024[0m
[0mGET /ext/getlasttxs/0.00000001?_=1560968274386 [32m200 [0m65.384 ms - 42223[0m
[0mGET /api/getrawtransaction?txid=70cbffdeb2e8bd88ecc87c3a4c97d7cd24602eea9c5ee7ec9dcd40efb848eeb1&decrypt=1 [32m200 [0m3.220 ms - 2648[0m
[0mGET /api/getblock?hash=0aa86070fade370a5fc08b10ec682696dd044612ab0aa4d805a7075e04dea858 [32m200 [0m3.279 ms - 1024[0m
[0mGET /api/getrawtransaction?txid=63d275f58566fd51c5d3bb95274a9dcbf5a68e3e3835a5da091f3185b161dcb8&decrypt=1 [32m200 [0m2.927 ms - 2644[0m
[0mGET /api/getblockhash?height=112514 [32m200 [0m1.937 ms - 64[0m
[0mGET /api/getblock?hash=274066f8512b0c9fb1f3ed522cd19b9bf1b86a41b864ed9002ca0fceac801d28 [32m200 [0m2.100 ms - 1024[0m
[0mGET /api/getrawtransaction?txid=19e718d81eacaf6d05233bbc4d23563b39314bc23c48db1467cad83252c1152e&decrypt=1 [32m200 [0m7.354 ms - 669[0m
[0mGET /api/getblock?hash=274066f8512b0c9fb1f3ed522cd19b9bf1b86a41b864ed9002ca0fceac801d28 [32m200 [0m2.176 ms - 1024[0m
[0mGET /api/getrawtransaction?txid=a0c9049391e0fdd2bb3aa5cb8d63afa004b178dd7378bbccc64cc27a23105b22&decrypt=1 [32m200 [0m2.523 ms - 2642[0m
[0mGET /api/getblock?hash=274066f8512b0c9fb1f3ed522cd19b9bf1b86a41b864ed9002ca0fceac801d28 [32m200 [0m2.198 ms - 1024[0m
[0mGET /api/getrawtransaction?txid=cb7f0beb13e3875a10efb2486c9072983a69ea6cb260e5fca06790149947e2fa&decrypt=1 [32m200 [0m5.200 ms - 2648[0m
[0mGET /api/getblockhash?height=112515 [32m200 [0m1.769 ms - 64[0m
[0mGET /api/getblock?hash=9cc7d5b83f818052b66f655788696c7c43c10c0ce7f3a46a3774a767b816dfda [32m200 [0m3.415 ms - 1024[0m
[0mGET /api/getrawtransaction?txid=19ee7ad9a2ed421aa601aad8fe0d007095752796e2037b6c4b626d75a91878db&decrypt=1 [32m200 [0m1.971 ms - 669[0m
[0mGET /api/getblock?hash=9cc7d5b83f818052b66f655788696c7c43c10c0ce7f3a46a3774a767b816dfda [32m200 [0m1.792 ms - 1024[0m
[0mGET /api/getrawtransaction?txid=d93704dde9eda9ec363225ca9bea8cd297351225e7cb190a2eb86792bfc3fe1e&decrypt=1 [32m200 [0m2.322 ms - 2155[0m
[0mGET /api/getblock?hash=9cc7d5b83f818052b66f655788696c7c43c10c0ce7f3a46a3774a767b816dfda [32m200 [0m1.805 ms - 1024[0m
[0mGET /api/getrawtransaction?txid=8e6cbc2679c6714c991d7124256f6ea180a6564bb5612c5de24c4a5d9f580466&decrypt=1 [32m200 [0m7.364 ms - 2155[0m
[0mGET /api/getblockhash?height=112516 [32m200 [0m1.871 ms - 64[0m
[0mGET /api/getblock?hash=28984e461c2674d01118893315fe0a78f34b71690c2409f95124a997bad4163d [32m200 [0m1.822 ms - 1024[0m
[0mGET /api/getrawtransaction?txid=f06cbe03cadc269e6a33169c3ba911823663fc089cb4fefbf0b6316d823593c0&decrypt=1 [32m200 [0m2.051 ms - 669[0m
[0mGET /api/getblock?hash=28984e461c2674d01118893315fe0a78f34b71690c2409f95124a997bad4163d [32m200 [0m1.711 ms - 1024[0m
[0mGET /api/getrawtransaction?txid=6fc4682584ed54e505ee253a8d6bbdbaaf26d45b1acbac482efc3f6da66ac29f&decrypt=1 [32m200 [0m3.762 ms - 2161[0m
[0mGET /api/getblock?hash=28984e461c2674d01118893315fe0a78f34b71690c2409f95124a997bad4163d [32m200 [0m2.000 ms - 1024[0m
[0mGET /api/getrawtransaction?txid=2c82bcac651d3aa02c5d1f59547bc5af1b0239afa512d5538a56ce60684c5c11&decrypt=1 [32m200 [0m3.427 ms - 2161[0m
[0mGET /api/getblockhash?height=112517 [32m200 [0m1.756 ms - 64[0m
[0mGET /api/getblock?hash=38add85ec4d57771f31c6c4cac6120136949f504fb3d51e79a7c99e7faad8298 [32m200 [0m2.869 ms - 1024[0m
[0mGET /api/getrawtransaction?txid=c8278f1a203a036b440d5cc9b35a23e0872c2c3718669f579f0643048437d1c4&decrypt=1 [32m200 [0m3.175 ms - 669[0m
[0mGET /api/getblock?hash=38add85ec4d57771f31c6c4cac6120136949f504fb3d51e79a7c99e7faad8298 [32m200 [0m2.035 ms - 1024[0m
[0mGET /api/getrawtransaction?txid=c18a1c17bf81bada8cdbc13a358ef48b9c7496030d211571e5d05b6511fcc2f2&decrypt=1 [32m200 [0m2.265 ms - 2150[0m
[0mGET /api/getblock?hash=38add85ec4d57771f31c6c4cac6120136949f504fb3d51e79a7c99e7faad8298 [32m200 [0m1.653 ms - 1024[0m
[0mGET /api/getrawtransaction?txid=37888735c9707503cc97d62ffda43360ddfe1917d761f0cf75aa826e677dfe0a&decrypt=1 [32m200 [0m2.670 ms - 2156[0m
[0mGET /api/getblockhash?height=112518 [32m200 [0m1.784 ms - 64[0m
[0mGET /api/getblock?hash=a734c3db00c24e209780a68a23a2a1386528e795cd55eb3ceec2e38b7a340062 [32m200 [0m2.121 ms - 1024[0m
[0mGET /api/getrawtransaction?txid=b944344d0a807df73c4c868264a0f9ac393cce83908a3f2f1009ef538ade00c1&decrypt=1 [32m200 [0m2.134 ms - 669[0m
[0mGET /api/getblock?hash=a734c3db00c24e209780a68a23a2a1386528e795cd55eb3ceec2e38b7a340062 [32m200 [0m1.999 ms - 1024[0m
[0mGET /api/getrawtransaction?txid=5d5b97c60f22c332edf525e6d04b9770156eab4c0df453b205cd338cb469f7e8&decrypt=1 [32m200 [0m2.207 ms - 2161[0m
[0mGET /api/getblock?hash=a734c3db00c24e209780a68a23a2a1386528e795cd55eb3ceec2e38b7a340062 [32m200 [0m1.862 ms - 1024[0m
[0mGET /api/getrawtransaction?txid=ad9872c90c2c7b062e3f910e5cd7f20f956905c3b31b8ca6ec20317c5ea08c28&decrypt=1 [32m200 [0m2.639 ms - 2161[0m
[0mGET /api/getblockhash?height=112519 [32m200 [0m2.249 ms - 64[0m
[0mGET /api/getblock?hash=9392bb14350f8ee485cd50724d27c4bb6673a0fc66cc68920bab0d0cc09baa5d [32m200 [0m1.903 ms - 1023[0m
[0mGET /api/getrawtransaction?txid=e2fefdef4477d484bf6042d1b6e48186144c00919378be4056dc61acae0dc60c&decrypt=1 [32m200 [0m1.824 ms - 669[0m
[0mGET /api/getblock?hash=9392bb14350f8ee485cd50724d27c4bb6673a0fc66cc68920bab0d0cc09baa5d [32m200 [0m2.506 ms - 1023[0m
[0mGET /api/getrawtransaction?txid=8c6219049487a0f344052ed7ef26198486101af8f90ef850f4f34e37263117b6&decrypt=1 [32m200 [0m2.300 ms - 2155[0m
[0mGET /api/getblock?hash=9392bb14350f8ee485cd50724d27c4bb6673a0fc66cc68920bab0d0cc09baa5d [32m200 [0m2.215 ms - 1023[0m
[0mGET /api/getrawtransaction?txid=4610553189821fb9e7d3c36b14c90d4bcf4fae34f0e71846fa44383486432fa9&decrypt=1 [32m200 [0m4.035 ms - 2161[0m
[0mGET /api/getblockhash?height=112520 [32m200 [0m1.656 ms - 64[0m
[0mGET /api/getblock?hash=50bce1dc59d6ccb5b1e18ad5cded592d0199ee29b575655c5e063cdd7b07b6cd [32m200 [0m1.691 ms - 1024[0m
[0mGET /api/getrawtransaction?txid=f5b0aaa2aafc13e8cc674bcaee24f959e8daae205a8669b0f60c078f2be720c5&decrypt=1 [32m200 [0m7.055 ms - 669[0m
[0mGET /api/getblock?hash=50bce1dc59d6ccb5b1e18ad5cded592d0199ee29b575655c5e063cdd7b07b6cd [32m200 [0m3.379 ms - 1024[0m
[0mGET /api/getrawtransaction?txid=4c85fdafc1d7d104c656ee0dabd50466ba5dc737c84a3159d4fa85d89de21a90&decrypt=1 [32m200 [0m5.812 ms - 2152[0m
[0mGET /api/getblock?hash=50bce1dc59d6ccb5b1e18ad5cded592d0199ee29b575655c5e063cdd7b07b6cd [32m200 [0m2.005 ms - 1024[0m
[0mGET /api/getrawtransaction?txid=07516f7539c568e53720a09e703d926751831bce5848e4c54c9df412870f5e2f&decrypt=1 [32m200 [0m2.747 ms - 2158[0m
[0mGET /api/getblockhash?height=112521 [32m200 [0m7.693 ms - 64[0m
[0mGET /api/getblock?hash=cf8ae5d0eee21fd9b03c23d0da984f59fe8dd1e982ff9e3ea6f7a27763c30ad8 [32m200 [0m1.789 ms - 1024[0m
[0mGET /api/getrawtransaction?txid=27acfe6e56c29e61d6b7d9e6c2598b44cbeab436166524086bd9df02e8d9f7fb&decrypt=1 [32m200 [0m1.632 ms - 669[0m
[0mGET /api/getblock?hash=cf8ae5d0eee21fd9b03c23d0da984f59fe8dd1e982ff9e3ea6f7a27763c30ad8 [32m200 [0m2.150 ms - 1024[0m
[0mGET /api/getrawtransaction?txid=1b0158d527121d379c50319a0e1bc73e6930c85eb26899c3cb41fedcfaa50754&decrypt=1 [32m200 [0m2.196 ms - 2154[0m
[0mGET /api/getblock?hash=cf8ae5d0eee21fd9b03c23d0da984f59fe8dd1e982ff9e3ea6f7a27763c30ad8 [32m200 [0m1.671 ms - 1024[0m
[0mGET /api/getrawtransaction?txid=cfdd92d4c83305fbc4430e9bb26b4e684f2bc37b2c2b0d2c692724450ea9fe39&decrypt=1 [32m200 [0m2.711 ms - 2154[0m
[0mGET /api/getblockhash?height=112522 [32m200 [0m3.391 ms - 64[0m
[0mGET /api/getblock?hash=5b9d859dcde84a87af56aaed6204923ccddac51acbb9ff39e3c14f4aa32a72f0 [32m200 [0m2.828 ms - 1024[0m
[0mGET /api/getrawtransaction?txid=30d83b466f4d4dd2126d2c9414bff28f651eb038daded23035f8915bc90e0a2f&decrypt=1 [32m200 [0m2.438 ms - 669[0m
[0mGET /api/getblock?hash=5b9d859dcde84a87af56aaed6204923ccddac51acbb9ff39e3c14f4aa32a72f0 [32m200 [0m2.583 ms - 1024[0m
[0mGET /api/getrawtransaction?txid=a0b80d315660651258cd0de1701ad0a1fabd0f92181c1fc985366b826060d7f1&decrypt=1 [32m200 [0m2.344 ms - 2158[0m
[0mGET /api/getblock?hash=5b9d859dcde84a87af56aaed6204923ccddac51acbb9ff39e3c14f4aa32a72f0 [32m200 [0m6.289 ms - 1024[0m
[0mGET /api/getrawtransaction?txid=ef51aa8a01e0a1af5fb61575f7b4245f64521aaee3ca150bb59a11d6ace9664f&decrypt=1 [32m200 [0m3.083 ms - 2158[0m
[0mGET /api/getblockhash?height=112523 [32m200 [0m1.598 ms - 64[0m
[0mGET /api/getblock?hash=31fdd353314cd33ceeb28eea90e762d4a224e4781933f3e912ded3645f2aa129 [32m200 [0m1.735 ms - 1024[0m
[0mGET /api/getrawtransaction?txid=cfa6bc12237ec84da862d5ef4685e5b9cfad405a7eb32cf67012ddfce585fecd&decrypt=1 [32m200 [0m1.694 ms - 669[0m
[0mGET /api/getblock?hash=31fdd353314cd33ceeb28eea90e762d4a224e4781933f3e912ded3645f2aa129 [32m200 [0m1.787 ms - 1024[0m
[0mGET /api/getrawtransaction?txid=571a91a141fa5d33a540821c937f439fc00f759da9774bdacf1a580e96ba3232&decrypt=1 [32m200 [0m2.792 ms - 2167[0m
[0mGET /api/getblock?hash=31fdd353314cd33ceeb28eea90e762d4a224e4781933f3e912ded3645f2aa129 [32m200 [0m1.694 ms - 1024[0m
[0mGET /api/getrawtransaction?txid=295dfd7a55d5a02e9bc0ae1746d9a7569f6d8539095678bc891dcc25654e66dd&decrypt=1 [32m200 [0m5.603 ms - 2161[0m
[0mGET /api/getblockhash?height=112524 [32m200 [0m1.616 ms - 64[0m
[0mGET /api/getblock?hash=a69250c8e1225c7e18cf48517ddc52313e276f58cd2aa83903d318fb78a0863a [32m200 [0m3.280 ms - 1024[0m
[0mGET /api/getrawtransaction?txid=790b9484db6d9cf8374fc11843578147f946ef0ac3792baa81a7ecc357abfa6e&decrypt=1 [32m200 [0m1.701 ms - 669[0m
[0mGET /api/getblock?hash=a69250c8e1225c7e18cf48517ddc52313e276f58cd2aa83903d318fb78a0863a [32m200 [0m1.709 ms - 1024[0m
[0mGET /api/getrawtransaction?txid=6369cbc8c2bb2769666df7d4d88b83d054120e3f9d138b16a6caba75db1265c3&decrypt=1 [32m200 [0m2.200 ms - 2161[0m
[0mGET /api/getblock?hash=a69250c8e1225c7e18cf48517ddc52313e276f58cd2aa83903d318fb78a0863a [32m200 [0m2.297 ms - 1024[0m
[0mGET /api/getrawtransaction?txid=ef3f5d38b343ed55136df1c14275c89c24e178a42ae5dffc50cf0a9a39212148&decrypt=1 [32m200 [0m4.615 ms - 2161[0m
[0mGET /api/getblockhash?height=112525 [32m200 [0m1.666 ms - 64[0m
[0mGET /api/getblock?hash=5fc7991415961eb3359283cda77836e8ba8b1fd1b39d948c0d5eaabd8305b40d [32m200 [0m1.998 ms - 1024[0m
[0mGET /api/getrawtransaction?txid=0d87f838fa196e0dcff3b93811769f9ff502a4dd95e283c9cf56f95baf426391&decrypt=1 [32m200 [0m1.690 ms - 669[0m
[0mGET /api/getblock?hash=5fc7991415961eb3359283cda77836e8ba8b1fd1b39d948c0d5eaabd8305b40d [32m200 [0m1.717 ms - 1024[0m
[0mGET /api/getrawtransaction?txid=33eb6bc71477cfff74c206ae8836277d9fd6609c865211fa54aabb6111ea93ef&decrypt=1 [32m200 [0m2.190 ms - 2155[0m
[0mGET /api/getblock?hash=5fc7991415961eb3359283cda77836e8ba8b1fd1b39d948c0d5eaabd8305b40d [32m200 [0m1.632 ms - 1024[0m
[0mGET /api/getrawtransaction?txid=d26dac9d7d614deb4b75e022a7deda3c4d888aeb1b400b0a4c95757f76ede4d5&decrypt=1 [32m200 [0m1.783 ms - 2155[0m
[0mGET /api/getblockhash?height=112526 [32m200 [0m1.747 ms - 64[0m
[0mGET /api/getblock?hash=00bc6e3fe3347bc8f343f0eb9b5d1bf60b9a8ec7ea55cab097cd0b05748c2c88 [32m200 [0m3.279 ms - 1023[0m
[0mGET /api/getrawtransaction?txid=51a44a5bc21c1c003588bdfaf8c9f3f68760cc3b30ec2232d7297e7e70ced19f&decrypt=1 [32m200 [0m1.858 ms - 669[0m
[0mGET /api/getblock?hash=00bc6e3fe3347bc8f343f0eb9b5d1bf60b9a8ec7ea55cab097cd0b05748c2c88 [32m200 [0m1.752 ms - 1023[0m
[0mGET /api/getrawtransaction?txid=2126c44855b0fa03bfbd90682a29f4f6e7f7f3c8fb8955dff15de85eb9fb0bb6&decrypt=1 [32m200 [0m2.339 ms - 2161[0m
[0mGET /api/getblock?hash=00bc6e3fe3347bc8f343f0eb9b5d1bf60b9a8ec7ea55cab097cd0b05748c2c88 [32m200 [0m3.257 ms - 1023[0m
[0mGET /api/getrawtransaction?txid=dfa0fbd7b251637364fd060f6c363aaa349a1d8199ba862a57139d74092d2a2d&decrypt=1 [32m200 [0m2.135 ms - 2161[0m
[0mGET /api/getblockhash?height=112527 [32m200 [0m1.719 ms - 64[0m
[0mGET /api/getblock?hash=9e8b1ec21a76cea565477c7720085b6f46e277d79b185d239627968fc8b14a80 [32m200 [0m2.391 ms - 1024[0m
[0mGET /api/getrawtransaction?txid=ba4a8a9c405649bdf00db17506fb8b4204d66d17bfc43285e3e8d68fd9a5e207&decrypt=1 [32m200 [0m1.879 ms - 669[0m
[0mGET /api/getblock?hash=9e8b1ec21a76cea565477c7720085b6f46e277d79b185d239627968fc8b14a80 [32m200 [0m1.649 ms - 1024[0m
[0mGET /api/getrawtransaction?txid=84d35f62c946f984469d5afd0c9a00fdce2b55752b93a03dfb7956a56be32865&decrypt=1 [32m200 [0m2.749 ms - 2155[0m
[0mGET /api/getblock?hash=9e8b1ec21a76cea565477c7720085b6f46e277d79b185d239627968fc8b14a80 [32m200 [0m1.734 ms - 1024[0m
[0mGET /api/getrawtransaction?txid=2876d66765daa870e9d101a12c73df24d6a4f85174e244084deaed710bdea65c&decrypt=1 [32m200 [0m2.501 ms - 2161[0m
[0mGET /api/getblockhash?height=112528 [32m200 [0m1.683 ms - 64[0m
[0mGET /api/getblock?hash=3d10197edfa3a238a0eb5cf6e2e67f4200eeedc4a41066660cc390b075095307 [32m200 [0m1.681 ms - 1024[0m
[0mGET /api/getrawtransaction?txid=d7f52021cf3ca7dec40448f424fb028fc8a4d127d585a8ae093bde8d5acf927a&decrypt=1 [32m200 [0m1.667 ms - 669[0m
[0mGET /api/getblock?hash=3d10197edfa3a238a0eb5cf6e2e67f4200eeedc4a41066660cc390b075095307 [32m200 [0m3.652 ms - 1024[0m
[0mGET /api/getrawtransaction?txid=fbf3c6908d126d3cb7e537d0ce6d17af492b14299c34a8dec38f5852b9726e3a&decrypt=1 [32m200 [0m2.254 ms - 2161[0m
[0mGET /api/getblock?hash=3d10197edfa3a238a0eb5cf6e2e67f4200eeedc4a41066660cc390b075095307 [32m200 [0m1.674 ms - 1024[0m
[0mGET /api/getrawtransaction?txid=6bbf3be956e3f9b6e4d6d369c73d1a4bcd90119089f9527c5bc8e586982d824e&decrypt=1 [32m200 [0m2.894 ms - 2161[0m
[0mGET /api/getblockhash?height=112529 [32m200 [0m1.622 ms - 64[0m
[0mGET /api/getblock?hash=2492af61203bbdf59bb9e12494a8a0836be54f51f3bd0944d07174dc32488390 [32m200 [0m1.835 ms - 1024[0m
[0mGET /api/getrawtransaction?txid=1d4a250836abf831d5ce52aa796422903d520445916ab420b1f49822590425f4&decrypt=1 [32m200 [0m1.757 ms - 669[0m
[0mGET /api/getblock?hash=2492af61203bbdf59bb9e12494a8a0836be54f51f3bd0944d07174dc32488390 [32m200 [0m1.609 ms - 1024[0m
[0mGET /api/getrawtransaction?txid=3dba1282f2f0f46dada681912398ea2db52dc13155eeb84dc2c865388940fdfc&decrypt=1 [32m200 [0m2.193 ms - 2155[0m
[0mGET /api/getblock?hash=2492af61203bbdf59bb9e12494a8a0836be54f51f3bd0944d07174dc32488390 [32m200 [0m2.130 ms - 1024[0m
[0mGET /api/getrawtransaction?txid=836f51434237b94ea0b15f9efcc728cca32cd60e9c0b6b8395d1c8c7ea989aa0&decrypt=1 [32m200 [0m2.789 ms - 2155[0m
[0mGET /api/getblockhash?height=112530 [32m200 [0m1.696 ms - 64[0m
[0mGET /api/getblock?hash=9ec710fc3572fde17f72451c9570ff0aad554a427aa9d776f91ee1052caea450 [32m200 [0m4.151 ms - 1024[0m
[0mGET /api/getrawtransaction?txid=c75072e8214c90a5fdffbd4517ab8c95c2c493c8564b2015ddc2d2e4fa14303d&decrypt=1 [32m200 [0m7.321 ms - 669[0m
[0mGET /api/getblock?hash=9ec710fc3572fde17f72451c9570ff0aad554a427aa9d776f91ee1052caea450 [32m200 [0m4.978 ms - 1024[0m
[0mGET /api/getrawtransaction?txid=ed4c24dde5f37730dcd6a39bd61605c3efb9fafd584ba38a1714b3f7d854818e&decrypt=1 [32m200 [0m2.117 ms - 2161[0m
[0mGET /api/getblock?hash=9ec710fc3572fde17f72451c9570ff0aad554a427aa9d776f91ee1052caea450 [32m200 [0m1.690 ms - 1024[0m
[0mGET /api/getrawtransaction?txid=4ad7726e35f57e36d8a12b8c92e3c7256435632e0dadb412448073c90987fcce&decrypt=1 [32m200 [0m2.297 ms - 2161[0m
[0mGET /api/getblockhash?height=112531 [32m200 [0m1.704 ms - 64[0m
[0mGET /api/getblock?hash=4ca2c658d838ace57dcaedc882aef459f2b732f8ffe12654767216a6c1a57ce9 [32m200 [0m1.751 ms - 1023[0m
[0mGET /api/getrawtransaction?txid=47630d7539d0af7188e7b6716158e28721ddbf95fa6293a7eecd9c13dfffb593&decrypt=1 [32m200 [0m1.749 ms - 669[0m
[0mGET /api/getblock?hash=4ca2c658d838ace57dcaedc882aef459f2b732f8ffe12654767216a6c1a57ce9 [32m200 [0m1.596 ms - 1023[0m
[0mGET /api/getrawtransaction?txid=e0ae8a52f605f60d8db1a6405c2195a7e1ce6a68c616e56027544ac2f4e279b7&decrypt=1 [32m200 [0m2.364 ms - 2161[0m
[0mGET /api/getblock?hash=4ca2c658d838ace57dcaedc882aef459f2b732f8ffe12654767216a6c1a57ce9 [32m200 [0m2.699 ms - 1023[0m
[0mGET /api/getrawtransaction?txid=d39443b2255b58b5cc29587bdadbb1529323c3ac43710dbf7a67b0165836a570&decrypt=1 [32m200 [0m2.524 ms - 2161[0m
[0mGET /api/getblockhash?height=112532 [32m200 [0m1.777 ms - 64[0m
[0mGET /api/getblock?hash=fc29a48bbcec54557ba05967de807405b71421cde8cf8613c1e5c53a6b17e99a [32m200 [0m1.858 ms - 1024[0m
[0mGET /api/getrawtransaction?txid=12b5caaf8c4f8a220542445aefd5edd8bced88a58a2753a68ad56e2de6d64b4f&decrypt=1 [32m200 [0m1.933 ms - 669[0m
[0mGET /api/getblock?hash=fc29a48bbcec54557ba05967de807405b71421cde8cf8613c1e5c53a6b17e99a [32m200 [0m1.726 ms - 1024[0m
[0mGET /api/getrawtransaction?txid=519e3ed20e6d6135bd3915d4dbff0ab2789d51e77bd64f148f4c6b8ae2f37419&decrypt=1 [32m200 [0m2.684 ms - 2154[0m
[0mGET /api/getblock?hash=fc29a48bbcec54557ba05967de807405b71421cde8cf8613c1e5c53a6b17e99a [32m200 [0m1.715 ms - 1024[0m
[0mGET /api/getrawtransaction?txid=92116f8d9ebd44bcf79a535c88c3d91a5651a9ee4e92c157ac17ad38c6881d87&decrypt=1 [32m200 [0m2.041 ms - 2160[0m
[0mGET /api/getblockhash?height=112533 [32m200 [0m1.912 ms - 64[0m
[0mGET /api/getblock?hash=61bd009d070a480d3cc0fb26e60347556bacbfa17da2f8b66b4214f917fae8fb [32m200 [0m1.710 ms - 1024[0m
[0mGET /api/getrawtransaction?txid=1638bd440ebb2a6efc209a93eb49515e58b0518354361e32e0756bf922f42c90&decrypt=1 [32m200 [0m1.969 ms - 669[0m
[0mGET /api/getblock?hash=61bd009d070a480d3cc0fb26e60347556bacbfa17da2f8b66b4214f917fae8fb [32m200 [0m1.887 ms - 1024[0m
[0mGET /api/getrawtransaction?txid=17e13b8be41a7b4d74ce8a5d5108011ae80d38074c287396aa49dbedc239def4&decrypt=1 [32m200 [0m2.191 ms - 2160[0m
[0mGET /api/getblock?hash=61bd009d070a480d3cc0fb26e60347556bacbfa17da2f8b66b4214f917fae8fb [32m200 [0m2.002 ms - 1024[0m
[0mGET /api/getrawtransaction?txid=8471cc82818d0eac6ee55fa8f00f27e472c4e34f457b251b4271cfd3df7a7dd8&decrypt=1 [32m200 [0m3.138 ms - 2160[0m
[0mGET /api/getblockhash?height=112534 [32m200 [0m1.727 ms - 64[0m
[0mGET /api/getblock?hash=5dd2e7c90ba7fb29a20d9ffbafc1ceca2be4eb5e081dc513a79c1601402faae0 [32m200 [0m1.920 ms - 1023[0m
[0mGET /api/getrawtransaction?txid=b2871565e4d689102d783adaa28ff892803213061855238d180b396055afe00a&decrypt=1 [32m200 [0m1.939 ms - 669[0m
[0mGET /api/getblock?hash=5dd2e7c90ba7fb29a20d9ffbafc1ceca2be4eb5e081dc513a79c1601402faae0 [32m200 [0m1.727 ms - 1023[0m
[0mGET /api/getrawtransaction?txid=b8a8ab54f708ed3b5c2ef2e58f3ef6b971d2615e0b0fc1438832a24701896d6d&decrypt=1 [32m200 [0m2.337 ms - 2361[0m
[0mGET /api/getblock?hash=5dd2e7c90ba7fb29a20d9ffbafc1ceca2be4eb5e081dc513a79c1601402faae0 [32m200 [0m3.477 ms - 1023[0m
[0mGET /api/getrawtransaction?txid=d3e45effe42fde0160c461b0da86c27cf6b8ecc9228df3f2f15ba2f383a7b171&decrypt=1 [32m200 [0m32.624 ms - 236447[0m
[0mGET /api/getblockhash?height=112535 [32m200 [0m1.673 ms - 64[0m
[0mGET /api/getblock?hash=1da745ea4edb32fbf733a6efce381eba928c22602511b9f13d581215a8a2a578 [32m200 [0m1.760 ms - 1024[0m
[0mGET /api/getrawtransaction?txid=511c07aff620ae581328185a5bf87daa2c19d27eb7e686e83498d74241a3bc56&decrypt=1 [32m200 [0m2.100 ms - 669[0m
[0mGET /api/getblock?hash=1da745ea4edb32fbf733a6efce381eba928c22602511b9f13d581215a8a2a578 [32m200 [0m1.643 ms - 1024[0m
[0mGET /api/getrawtransaction?txid=c4f2f25c84bf7e1367562b10319b2cba6ca62177659d824ea3e5e38f7efc0e73&decrypt=1 [32m200 [0m2.551 ms - 2161[0m
[0mGET /api/getblock?hash=1da745ea4edb32fbf733a6efce381eba928c22602511b9f13d581215a8a2a578 [32m200 [0m2.527 ms - 1024[0m
[0mGET /api/getrawtransaction?txid=01f20d5a2ef87ed1bc6430cd09e862dcf895f8b4e0adfaebcd1ad1d8094941bb&decrypt=1 [32m200 [0m3.459 ms - 2155[0m
[0mGET /api/getblockhash?height=112536 [32m200 [0m2.019 ms - 64[0m
[0mGET /api/getblock?hash=a34aba12207e0f5a78faae3fcd054d84c6ece93e816cd018c41ae0b710a47473 [32m200 [0m2.277 ms - 1023[0m
[0mGET /api/getrawtransaction?txid=a078ce017bbe2d83e8ff247edc1cc5e4456a478cce5801521c3161bb0990dc2f&decrypt=1 [32m200 [0m2.048 ms - 669[0m
[0mGET /api/getblock?hash=a34aba12207e0f5a78faae3fcd054d84c6ece93e816cd018c41ae0b710a47473 [32m200 [0m1.763 ms - 1023[0m
[0mGET /api/getrawtransaction?txid=9b984842c649bf6757195c0bcdf0303711f11508d1e44154ed0e3345462b0625&decrypt=1 [32m200 [0m2.542 ms - 2359[0m
[0mGET /api/getblock?hash=a34aba12207e0f5a78faae3fcd054d84c6ece93e816cd018c41ae0b710a47473 [32m200 [0m1.902 ms - 1023[0m
[0mGET /api/getrawtransaction?txid=b2be408117059bb5f1d57b2930755d013d6cf0bff0ae9c01128edbc85efcf189&decrypt=1 [32m200 [0m3.310 ms - 2161[0m
[0mGET /api/getblockhash?height=112537 [32m200 [0m2.203 ms - 64[0m
[0mGET /api/getblock?hash=62225370da08e04ab90f658dbd2d512b2a9408b20066b77e2bcf70011206221c [32m200 [0m2.125 ms - 1024[0m
[0mGET /api/getrawtransaction?txid=eb6738d0db5cf64208a75472d2b788d81b7dafc2425fc23ca81fe82f8aa3c90b&decrypt=1 [32m200 [0m2.198 ms - 669[0m
[0mGET /api/getblock?hash=62225370da08e04ab90f658dbd2d512b2a9408b20066b77e2bcf70011206221c [32m200 [0m1.739 ms - 1024[0m
[0mGET /api/getrawtransaction?txid=4dcd277fa24e78f1deadd1954ed32bdec6d771063ce118aef6f8f383c062b9e9&decrypt=1 [32m200 [0m2.384 ms - 2160[0m
[0mGET /api/getblock?hash=62225370da08e04ab90f658dbd2d512b2a9408b20066b77e2bcf70011206221c [32m200 [0m1.990 ms - 1024[0m
[0mGET /api/getrawtransaction?txid=ebf46ac7643e0ac129fcf70d42edf66fdf45ad05cd310a27f81506a99751a7dc&decrypt=1 [32m200 [0m1.858 ms - 2154[0m
[0mGET /api/getblockhash?height=112538 [32m200 [0m1.677 ms - 64[0m
[0mGET /api/getblock?hash=2a9ff4c981604b20de6de657c85bcd9a451fcec0cfaf23be041dbe3479d09db9 [32m200 [0m1.884 ms - 1024[0m
[0mGET /api/getrawtransaction?txid=2e7a72dfb56b5e8b6e73db19437b4405ab16f5755c3d0411a3549a436baded8f&decrypt=1 [32m200 [0m1.802 ms - 669[0m
[0mGET /api/getblock?hash=2a9ff4c981604b20de6de657c85bcd9a451fcec0cfaf23be041dbe3479d09db9 [32m200 [0m1.895 ms - 1024[0m
[0mGET /api/getrawtransaction?txid=72efa9228e0e9a8290f3d4ec2860d634c03c3f73a2b2884398aa3262d097488e&decrypt=1 [32m200 [0m2.603 ms - 2648[0m
[0mGET /api/getblock?hash=2a9ff4c981604b20de6de657c85bcd9a451fcec0cfaf23be041dbe3479d09db9 [32m200 [0m1.892 ms - 1024[0m
[0mGET /api/getrawtransaction?txid=1daa0faa091d24e6c32174a2b647244e8a35d7b1aecd6d8e8eb7231019f3433e&decrypt=1 [32m200 [0m2.075 ms - 2648[0m
[0mGET /api/getblockhash?height=112539 [32m200 [0m1.860 ms - 64[0m
[0mGET /api/getblock?hash=2de432a138d89a49d1a87c8ba78dc9160c0294f6c0448a97837ae188c2d7c713 [32m200 [0m1.773 ms - 1024[0m
[0mGET /api/getrawtransaction?txid=83f09c4450adb5b41ea6be48b61ca697e18fa0cf33c6f5fa470cc21c5ca9c0c4&decrypt=1 [32m200 [0m2.668 ms - 669[0m
[0mGET /api/getblock?hash=2de432a138d89a49d1a87c8ba78dc9160c0294f6c0448a97837ae188c2d7c713 [32m200 [0m2.221 ms - 1024[0m
[0mGET /api/getrawtransaction?txid=fe48c51b5ae6fb55acd2ade8172a24f38475410f1b060a8a83d9316578df00b9&decrypt=1 [32m200 [0m2.086 ms - 1706[0m
[0mGET /api/getblock?hash=2de432a138d89a49d1a87c8ba78dc9160c0294f6c0448a97837ae188c2d7c713 [32m200 [0m1.663 ms - 1024[0m
[0mGET /api/getrawtransaction?txid=1d17d759e6149714b2348488d14b9cc9ad4861e777f80baa1d56290631329e13&decrypt=1 [32m200 [0m1.935 ms - 1712[0m
[0mGET /api/getblockhash?height=112540 [32m200 [0m1.737 ms - 64[0m
[0mGET /api/getblock?hash=40bb3076694f0e9118fdbcae8cf5a41dc4ddd729d11505923d7456aed8e35b5f [32m200 [0m2.161 ms - 1023[0m
[0mGET /api/getrawtransaction?txid=c30237da982f8e45b5956ad37c26a991803af0ee427cd7d5cc294da0abf0d6c3&decrypt=1 [32m200 [0m2.371 ms - 669[0m
[0mGET /api/getblock?hash=40bb3076694f0e9118fdbcae8cf5a41dc4ddd729d11505923d7456aed8e35b5f [32m200 [0m2.060 ms - 1023[0m
[0mGET /api/getrawtransaction?txid=b4fbcca4729a4cc5a14f8d05435e87a3e6dd76d5a0caf0763dd753278e440288&decrypt=1 [32m200 [0m2.266 ms - 2161[0m
[0mGET /api/getblock?hash=40bb3076694f0e9118fdbcae8cf5a41dc4ddd729d11505923d7456aed8e35b5f [32m200 [0m1.880 ms - 1023[0m
[0mGET /api/getrawtransaction?txid=daca14e91b9d8bb434320b979ad72cd41886956aa32a1022a0edafb85c2aa568&decrypt=1 [32m200 [0m2.657 ms - 2161[0m
[0mGET /api/getblockhash?height=112541 [32m200 [0m1.715 ms - 64[0m
[0mGET /api/getblock?hash=4a6fa26a0898a38065a7c64e59416d4025fe9d01e93e040bb279e047b730488b [32m200 [0m1.874 ms - 1024[0m
[0mGET /api/getrawtransaction?txid=e93ac5bbde16977c867aa6d3f51877465e29b5cb1afadd501f1dae79009ec931&decrypt=1 [32m200 [0m1.731 ms - 669[0m
[0mGET /api/getblock?hash=4a6fa26a0898a38065a7c64e59416d4025fe9d01e93e040bb279e047b730488b [32m200 [0m1.666 ms - 1024[0m
[0mGET /api/getrawtransaction?txid=c3b72f926a7080b020a3c6531b5c8c6ec36c3b25cb7713cbb441c22f492e5640&decrypt=1 [32m200 [0m2.242 ms - 2361[0m
[0mGET /api/getblock?hash=4a6fa26a0898a38065a7c64e59416d4025fe9d01e93e040bb279e047b730488b [32m200 [0m2.334 ms - 1024[0m
[0mGET /api/getrawtransaction?txid=373cf0af392586ce49a09658036eadc2b3496035a04d66177aefb4001f2716b2&decrypt=1 [32m200 [0m58.078 ms - 360767[0m
[0mGET /api/getblockhash?height=112542 [32m200 [0m1.723 ms - 64[0m
[0mGET /api/getblock?hash=cf43c8f6d64dc3ff21344a77c7e8061dc50e921811d53165edc79b9f0a3f2fba [32m200 [0m1.672 ms - 1024[0m
[0mGET /api/getrawtransaction?txid=69d6af08541b00fdd7adafa6bff54dd5fe827c0258ecf89683a9f5215108f380&decrypt=1 [32m200 [0m1.840 ms - 669[0m
[0mGET /api/getblock?hash=cf43c8f6d64dc3ff21344a77c7e8061dc50e921811d53165edc79b9f0a3f2fba [32m200 [0m1.782 ms - 1024[0m
[0mGET /api/getrawtransaction?txid=c6f0dfc237e44b5605e50eff49372427cf4bcb4c4bf11e59a8b637c15efe9292&decrypt=1 [32m200 [0m4.406 ms - 2155[0m
[0mGET /api/getblock?hash=cf43c8f6d64dc3ff21344a77c7e8061dc50e921811d53165edc79b9f0a3f2fba [32m200 [0m1.787 ms - 1024[0m
[0mGET /api/getrawtransaction?txid=70301365da4806a09eb359c2554821613122c950c13d7c24d32b0a79d1afe4ef&decrypt=1 [32m200 [0m2.848 ms - 2161[0m
[0mGET /api/getblockhash?height=112543 [32m200 [0m1.619 ms - 64[0m
[0mGET /api/getblock?hash=246723c560a7e2bd79239d15a8b21026a056ba263e6ec6f8fd828b9c5c6f471e [32m200 [0m1.742 ms - 1024[0m
[0mGET /api/getrawtransaction?txid=b92ab502014d164dfd0d824e63e0fbdbf89c65f3ede9100081fe2fd93e909fd9&decrypt=1 [32m200 [0m1.694 ms - 669[0m
[0mGET /api/getblock?hash=246723c560a7e2bd79239d15a8b21026a056ba263e6ec6f8fd828b9c5c6f471e [32m200 [0m1.739 ms - 1024[0m
[0mGET /api/getrawtransaction?txid=6dc4b7e8b24d556100fb4b73d0866c30ab46b9be251ad18458a419572f136e89&decrypt=1 [32m200 [0m2.214 ms - 2161[0m
[0mGET /api/getblock?hash=246723c560a7e2bd79239d15a8b21026a056ba263e6ec6f8fd828b9c5c6f471e [32m200 [0m1.735 ms - 1024[0m
[0mGET /api/getrawtransaction?txid=636ec7365be5631259efcf63441adca9b7773c0ba5d0afdaf54aaea95c4a16c9&decrypt=1 [32m200 [0m2.666 ms - 2155[0m
[0mGET /api/getblockhash?height=112544 [32m200 [0m1.676 ms - 64[0m
[0mGET /api/getblock?hash=3326a7845471a457c5946b0f646939e2137f90ae89fe23e1833d33440fce1f8d [32m200 [0m1.879 ms - 1024[0m
[0mGET /api/getrawtransaction?txid=9daa6e67bdae61bb0ab7fd618adaf32aeaa2cee530fbc9a32ed9ad5c22aad098&decrypt=1 [32m200 [0m1.961 ms - 669[0m
[0mGET /api/getblock?hash=3326a7845471a457c5946b0f646939e2137f90ae89fe23e1833d33440fce1f8d [32m200 [0m1.603 ms - 1024[0m
[0mGET /api/getrawtransaction?txid=c678d464b9c2f2d6a4d0d3018657cd82e8b308062c62620207fd10283e579eb0&decrypt=1 [32m200 [0m2.455 ms - 2644[0m
[0mGET /api/getblock?hash=3326a7845471a457c5946b0f646939e2137f90ae89fe23e1833d33440fce1f8d [32m200 [0m1.603 ms - 1024[0m
[0mGET /api/getrawtransaction?txid=68d5ee0c890a8d9e4bb08125c2a6092faabaf656caf0b55800d82e9bd49e6d47&decrypt=1 [32m200 [0m2.803 ms - 2155[0m
[0mGET /api/getblockhash?height=112545 [32m200 [0m1.822 ms - 64[0m
[0mGET /api/getblock?hash=4370f658fbf1d3d523ad15a59ca4bc0b8dcedd9e87d56aa5376bf8862ef9db11 [32m200 [0m1.778 ms - 1024[0m
[0mGET /api/getrawtransaction?txid=028aab1ec8f2d283710fdb05a259f4295a61b4c766e443012802afa65a7d7ded&decrypt=1 [32m200 [0m7.849 ms - 669[0m
[0mGET /api/getblock?hash=4370f658fbf1d3d523ad15a59ca4bc0b8dcedd9e87d56aa5376bf8862ef9db11 [32m200 [0m1.954 ms - 1024[0m
[0mGET /api/getrawtransaction?txid=dcb579d888c18f0ab5c6689aaad0394b5559f1083c69026d2f0045211b3eb1f2&decrypt=1 [32m200 [0m2.129 ms - 2155[0m
[0mGET /api/getblock?hash=4370f658fbf1d3d523ad15a59ca4bc0b8dcedd9e87d56aa5376bf8862ef9db11 [32m200 [0m2.002 ms - 1024[0m
[0mGET /api/getrawtransaction?txid=5ec16ad116bf25660f385663734df7a783a3777f6899299774a438d3d9c25b71&decrypt=1 [32m200 [0m2.611 ms - 2155[0m
[0mGET /api/getblockhash?height=112546 [32m200 [0m1.642 ms - 64[0m
[0mGET /api/getblock?hash=6a5047b11a2035ae3d23bc19889d89e2929e8f7ef04d74f9324574509a5120b3 [32m200 [0m1.750 ms - 1024[0m
[0mGET /api/getrawtransaction?txid=5e3be5072b822e1987f96a1c7a62627fc793964e5a34195bccbebaa6f11b5cba&decrypt=1 [32m200 [0m2.105 ms - 669[0m
[0mGET /api/getblock?hash=6a5047b11a2035ae3d23bc19889d89e2929e8f7ef04d74f9324574509a5120b3 [32m200 [0m1.654 ms - 1024[0m
[0mGET /api/getrawtransaction?txid=63949934b104c7b41c10a451479482e428ddf4cd1e83462d34099d384b24abb9&decrypt=1 [32m200 [0m2.251 ms - 2160[0m
[0mGET /api/getblock?hash=6a5047b11a2035ae3d23bc19889d89e2929e8f7ef04d74f9324574509a5120b3 [32m200 [0m1.837 ms - 1024[0m
[0mGET /api/getrawtransaction?txid=3974fb003891fc6c8e9ce68f4d4bb9ec68340d7e11b57ffbd8ba82bf841331e0&decrypt=1 [32m200 [0m1.922 ms - 2160[0m
[0mGET /api/getblockhash?height=112547 [32m200 [0m2.426 ms - 64[0m
[0mGET /api/getblock?hash=ee6f0896bd172db9a0f69691f4380eeb2904c087dcf8bf20d8999c940bd602b5 [32m200 [0m2.339 ms - 1024[0m
[0mGET /api/getrawtransaction?txid=a2261bb53124899c45adc7cfda5a70f355fab448a477e5d7da8b3bc3fa084d23&decrypt=1 [32m200 [0m1.628 ms - 669[0m
[0mGET /api/getblock?hash=ee6f0896bd172db9a0f69691f4380eeb2904c087dcf8bf20d8999c940bd602b5 [32m200 [0m1.611 ms - 1024[0m
[0mGET /api/getrawtransaction?txid=9be1a9d229536e25aee49074e2b52ee865562e2e00bd5cffcca478580e374414&decrypt=1 [32m200 [0m6.181 ms - 2642[0m
[0mGET /api/getblock?hash=ee6f0896bd172db9a0f69691f4380eeb2904c087dcf8bf20d8999c940bd602b5 [32m200 [0m1.729 ms - 1024[0m
[0mGET /api/getrawtransaction?txid=c207254bd658054a5311a126ac172c6da781b6ff158346902d9a78f875023824&decrypt=1 [32m200 [0m5.246 ms - 2648[0m
[0mGET /api/getblockhash?height=112548 [32m200 [0m1.663 ms - 64[0m
[0mGET /api/getblock?hash=b2939d65795fc6e539e46bf27d778900f148b2b10bb0736fe13a4b478838908f [32m200 [0m1.757 ms - 1024[0m
[0mGET /api/getrawtransaction?txid=52f5a912358bc68ee71c4ca0cb18a17b924aa819c1d1c8c59dc64f79bd8ea75f&decrypt=1 [32m200 [0m1.764 ms - 669[0m
[0mGET /api/getblock?hash=b2939d65795fc6e539e46bf27d778900f148b2b10bb0736fe13a4b478838908f [32m200 [0m1.821 ms - 1024[0m
[0mGET /api/getrawtransaction?txid=980647310930150f6ca7dc78cf26515aa703d5a279edbf3384c97a366f6fc6fa&decrypt=1 [32m200 [0m2.467 ms - 2158[0m
[0mGET /api/getblock?hash=b2939d65795fc6e539e46bf27d778900f148b2b10bb0736fe13a4b478838908f [32m200 [0m1.820 ms - 1024[0m
[0mGET /api/getrawtransaction?txid=9bb9ef70d1e2a6b6d4436304d5916674aa3cd7b6a457879b20ee2680fc9201b5&decrypt=1 [32m200 [0m2.180 ms - 2158[0m
[0mGET /api/getblockhash?height=112549 [32m200 [0m1.861 ms - 64[0m
[0mGET /api/getblock?hash=6c3fa34e1c932a08cb47bde20cfdc5e76a7e3b427a417791c5b32bfcacdf2523 [32m200 [0m2.041 ms - 1012[0m
[0mGET /api/getrawtransaction?txid=a3a2b44a06009d43e00f1b50a5079fb1166aa66c9d3fd4d7973199c5769a50ff&decrypt=1 [32m200 [0m1.906 ms - 669[0m
[0mGET /api/getblock?hash=6c3fa34e1c932a08cb47bde20cfdc5e76a7e3b427a417791c5b32bfcacdf2523 [32m200 [0m1.678 ms - 1012[0m
[0mGET /api/getrawtransaction?txid=890938af8e66738fb72896e45af6b5c96106b5363e4b99c5e0e47a4483276184&decrypt=1 [32m200 [0m2.292 ms - 2154[0m
[0mGET /api/getblock?hash=6c3fa34e1c932a08cb47bde20cfdc5e76a7e3b427a417791c5b32bfcacdf2523 [32m200 [0m2.001 ms - 1012[0m
[0mGET /api/getrawtransaction?txid=0ee107cc14ea308325f2caac6601ee913522db1f81af8ff9540ce22924243292&decrypt=1 [32m200 [0m2.725 ms - 2154[0m
[0mGET /api/getblockhash?height=112550 [32m200 [0m1.631 ms - 64[0m
[0mGET /api/getblock?hash=8821d49ff3ba1877e33d3a916a3226dfbdf498a53e2498bd7df519c645e6283d [32m200 [0m1.883 ms - 1024[0m
[0mGET /api/getrawtransaction?txid=4b7c1757b54ca3b696bdced1cbfca6405753a11bcbe41b98cfb71364a950ba1e&decrypt=1 [32m200 [0m1.992 ms - 669[0m
[0mGET /api/getblock?hash=8821d49ff3ba1877e33d3a916a3226dfbdf498a53e2498bd7df519c645e6283d [32m200 [0m2.027 ms - 1024[0m
[0mGET /api/getrawtransaction?txid=f3a908ab4184090e74056ec11b53653ffcb196e9893e802fe10f20be00ac1a9c&decrypt=1 [32m200 [0m2.798 ms - 2161[0m
[0mGET /api/getblock?hash=8821d49ff3ba1877e33d3a916a3226dfbdf498a53e2498bd7df519c645e6283d [32m200 [0m1.819 ms - 1024[0m
[0mGET /api/getrawtransaction?txid=717a85bbfb982d7be67b0ce04c66ddbfd5572c70f5354a2525c8ee0d2c54297a&decrypt=1 [32m200 [0m3.224 ms - 2161[0m
[0mGET /api/getblockhash?height=112551 [32m200 [0m3.752 ms - 64[0m
[0mGET /api/getblock?hash=a61dea2f2d3df513d06c57e293e1afaef19f87595edc2fa674a953642792ddc3 [32m200 [0m2.238 ms - 1024[0m
[0mGET /api/getrawtransaction?txid=0254e0ccf7777824fbb7baab62b8a5b653c845e6d486268a50b5ca8ad524b956&decrypt=1 [32m200 [0m1.858 ms - 669[0m
[0mGET /api/getblock?hash=a61dea2f2d3df513d06c57e293e1afaef19f87595edc2fa674a953642792ddc3 [32m200 [0m1.826 ms - 1024[0m
[0mGET /api/getrawtransaction?txid=6d00e7221c02c95c4df3b74d32279130738dff112aaf9da347fb6eb81d8dbe2a&decrypt=1 [32m200 [0m2.192 ms - 2155[0m
[0mGET /api/getblock?hash=a61dea2f2d3df513d06c57e293e1afaef19f87595edc2fa674a953642792ddc3 [32m200 [0m2.053 ms - 1024[0m
[0mGET /api/getrawtransaction?txid=8f6695599535e953e2c7f6040ab2d817c16c733be59213ee23498e941bab0c9c&decrypt=1 [32m200 [0m1.933 ms - 2155[0m
[0mGET /api/getblockhash?height=112552 [32m200 [0m1.646 ms - 64[0m
[0mGET /api/getblock?hash=e7d3380d42d9b6a8fd7f76d185cd6d357c363267dde9f676f32d38e89c009df2 [32m200 [0m1.684 ms - 1024[0m
[0mGET /api/getrawtransaction?txid=f48c543751fbb10ad16f6e7e9501b412c0541eb0e7523c3da63d0fb5c753e909&decrypt=1 [32m200 [0m1.667 ms - 669[0m
[0mGET /api/getblock?hash=e7d3380d42d9b6a8fd7f76d185cd6d357c363267dde9f676f32d38e89c009df2 [32m200 [0m1.662 ms - 1024[0m
[0mGET /api/getrawtransaction?txid=7c8a2afcce5965b7177f17b621df2222b2b9df00bebc3085a8ddd527a8904e13&decrypt=1 [32m200 [0m2.364 ms - 2160[0m
[0mGET /api/getblock?hash=e7d3380d42d9b6a8fd7f76d185cd6d357c363267dde9f676f32d38e89c009df2 [32m200 [0m1.931 ms - 1024[0m
[0mGET /api/getrawtransaction?txid=00212972c0f78e0358e41919a3bfda107be121eabfe0c1b7dbe798e850c6bc22&decrypt=1 [32m200 [0m2.000 ms - 2154[0m
[0mGET /api/getblockhash?height=112553 [32m200 [0m1.749 ms - 64[0m
[0mGET /api/getblock?hash=bccc7cc4abf1a82a84ee9f269cb13ddb682e834971f5f3e3d479421c370a78db [32m200 [0m1.885 ms - 1023[0m
[0mGET /api/getrawtransaction?txid=4f025cbc1ce74c2e3357e7e795b8bf957ec537f5f09bd9d12620217e2aa1ce06&decrypt=1 [32m200 [0m1.702 ms - 669[0m
[0mGET /api/getblock?hash=bccc7cc4abf1a82a84ee9f269cb13ddb682e834971f5f3e3d479421c370a78db [32m200 [0m1.765 ms - 1023[0m
[0mGET /api/getrawtransaction?txid=3aa779dd7476f0ad7afc025509a83120bfa56a23d55d83691c990f76d57874cf&decrypt=1 [32m200 [0m2.303 ms - 2155[0m
[0mGET /api/getblock?hash=bccc7cc4abf1a82a84ee9f269cb13ddb682e834971f5f3e3d479421c370a78db [32m200 [0m3.613 ms - 1023[0m
[0mGET /api/getrawtransaction?txid=48a14da781257a3199e613aa20df00a748b40a6ebba80b2a5218cb23511e8f32&decrypt=1 [32m200 [0m1.963 ms - 2161[0m
[0mGET /api/getblockhash?height=112554 [32m200 [0m1.864 ms - 64[0m
[0mGET /api/getblock?hash=5d4832f57c8fe14450be53d290cb77e3886af29231f381829725367fb12328c6 [32m200 [0m2.014 ms - 1024[0m
[0mGET /api/getrawtransaction?txid=051f620a454fab2bd7fdd061b0c96e99a2bebd19f37b46b35e557bb4ff3a6ecf&decrypt=1 [32m200 [0m1.802 ms - 669[0m
[0mGET /api/getblock?hash=5d4832f57c8fe14450be53d290cb77e3886af29231f381829725367fb12328c6 [32m200 [0m1.862 ms - 1024[0m
[0mGET /api/getrawtransaction?txid=8941a12f97e82d8ec8481939a465444156d47f1c1d479839bd654ee96b3c6af0&decrypt=1 [32m200 [0m2.162 ms - 2161[0m
[0mGET /api/getblock?hash=5d4832f57c8fe14450be53d290cb77e3886af29231f381829725367fb12328c6 [32m200 [0m1.881 ms - 1024[0m
[0mGET /api/getrawtransaction?txid=19c882e774ce5d6c1740e2c10fe16d6abfb74da9d6ebb0c27660153f4503bcdb&decrypt=1 [32m200 [0m2.251 ms - 2646[0m
[0mGET /api/getblockhash?height=112555 [32m200 [0m3.709 ms - 64[0m
[0mGET /api/getblock?hash=6b7bbc22cd014818ce5100a481c62117f6b69e87a9b6d9361dca180b60ee0a64 [32m200 [0m1.948 ms - 1024[0m
[0mGET /api/getrawtransaction?txid=afe6854408ba93fec5b7ba8079ed45cf16648be82cac8e7806c5c53459a29c8a&decrypt=1 [32m200 [0m1.721 ms - 669[0m
[0mGET /api/getblock?hash=6b7bbc22cd014818ce5100a481c62117f6b69e87a9b6d9361dca180b60ee0a64 [32m200 [0m1.816 ms - 1024[0m
[0mGET /api/getrawtransaction?txid=7fa551c0d58059efd2dbe1a2e8becd00d27bfa858ff901a7d058cbe7c45b6228&decrypt=1 [32m200 [0m2.771 ms - 2160[0m
[0mGET /api/getblock?hash=6b7bbc22cd014818ce5100a481c62117f6b69e87a9b6d9361dca180b60ee0a64 [32m200 [0m2.067 ms - 1024[0m
[0mGET /api/getrawtransaction?txid=2352fc53a64ce4ec7a322e5cc6a7d44b54ac1439ff79704cd7bb8a64764d25f2&decrypt=1 [32m200 [0m2.908 ms - 2154[0m
[0mGET /api/getblockhash?height=112556 [32m200 [0m1.656 ms - 64[0m
[0mGET /api/getblock?hash=22dd7f09ed22e432fe84f72007580a98359c008233cac8824bde88435e5802a1 [32m200 [0m1.954 ms - 1023[0m
[0mGET /api/getrawtransaction?txid=66fc0873f2dd5c8037e76266a0ca5aa5c6101899acaf95338dce59d17b0ecdae&decrypt=1 [32m200 [0m9.296 ms - 669[0m
[0mGET /api/getblock?hash=22dd7f09ed22e432fe84f72007580a98359c008233cac8824bde88435e5802a1 [32m200 [0m1.985 ms - 1023[0m
[0mGET /api/getrawtransaction?txid=b3314f844358315e21e42760ec9b7f1491a24067cadf9a2d30cbc620e1bca72c&decrypt=1 [32m200 [0m2.128 ms - 2161[0m
[0mGET /api/getblock?hash=22dd7f09ed22e432fe84f72007580a98359c008233cac8824bde88435e5802a1 [32m200 [0m1.839 ms - 1023[0m
[0mGET /api/getrawtransaction?txid=e8ad676dfd617b8602819b3b62f8cea165d17e240e7d839ccb3d192c38d92310&decrypt=1 [32m200 [0m2.706 ms - 2161[0m
[0mGET /api/getblockhash?height=112557 [32m200 [0m2.327 ms - 64[0m
[0mGET /api/getblock?hash=75d7cf5f14b51e8267bfe0c215aff6b83ec75f207537576c2d769a56769ca6ec [32m200 [0m1.795 ms - 1024[0m
[0mGET /api/getrawtransaction?txid=c6c365bbc2b2ae9d177664997636984c33b50b45f8ac63b4c983024876f56fba&decrypt=1 [32m200 [0m10.941 ms - 669[0m
[0mGET /api/getblock?hash=75d7cf5f14b51e8267bfe0c215aff6b83ec75f207537576c2d769a56769ca6ec [32m200 [0m2.170 ms - 1024[0m
[0mGET /api/getrawtransaction?txid=c9318f1b6c5dfd67162e3955b53aeac555ca5b6b3f3da7d9ff33425a09eebaae&decrypt=1 [32m200 [0m2.161 ms - 2155[0m
[0mGET /api/getblock?hash=75d7cf5f14b51e8267bfe0c215aff6b83ec75f207537576c2d769a56769ca6ec [32m200 [0m2.188 ms - 1024[0m
[0mGET /api/getrawtransaction?txid=20cb7edf3069e46fed35e6b65de01fbbf018394337fae391520bc942e020a64a&decrypt=1 [32m200 [0m3.057 ms - 2155[0m
[0mGET /api/getblockhash?height=112558 [32m200 [0m12.014 ms - 64[0m
[0mGET /api/getblock?hash=717eb338eb0bc28c70174b8653218ad79e2d867d75c6a7151cea2f9669b8ec24 [32m200 [0m2.250 ms - 1024[0m
[0mGET /api/getrawtransaction?txid=4871ab6c555d50655a0b1385a63e85661f5fbed36403cec0e7ff22bfd7497bb9&decrypt=1 [32m200 [0m1.845 ms - 669[0m
[0mGET /api/getblock?hash=717eb338eb0bc28c70174b8653218ad79e2d867d75c6a7151cea2f9669b8ec24 [32m200 [0m14.229 ms - 1024[0m
[0mGET /api/getrawtransaction?txid=29ae60f3c1c81e57a0a1a7f8e4d511b7bee68094ce2ca9d961c3582a60813ceb&decrypt=1 [32m200 [0m2.214 ms - 2155[0m
[0mGET /api/getblock?hash=717eb338eb0bc28c70174b8653218ad79e2d867d75c6a7151cea2f9669b8ec24 [32m200 [0m1.711 ms - 1024[0m
[0mGET /api/getrawtransaction?txid=2f93634fa50fedf3734194cea28b463e74cc919fabc01ddc7bd7fabc6a21509c&decrypt=1 [32m200 [0m2.042 ms - 2161[0m
[0mGET /api/getblockhash?height=112559 [32m200 [0m1.637 ms - 64[0m
[0mGET /api/getblock?hash=b7a5741d5fd1608ac9297083a5da8e4705f784b7eb1e330ca1a25d247d3a1a3d [32m200 [0m2.024 ms - 1097[0m
[0mGET /api/getrawtransaction?txid=36745de908b22e319c27140ae1f8f19fd34ef607661c093d8056a55cf0986eab&decrypt=1 [32m200 [0m1.819 ms - 669[0m
[0mGET /api/getblock?hash=b7a5741d5fd1608ac9297083a5da8e4705f784b7eb1e330ca1a25d247d3a1a3d [32m200 [0m2.643 ms - 1097[0m
[0mGET /api/getrawtransaction?txid=88f8fbfbc5926f7fb8dcd2a931d931a244e7238e5cdce9e4ae35358462f1f789&decrypt=1 [32m200 [0m9.396 ms - 2155[0m
[0mGET /api/getblock?hash=b7a5741d5fd1608ac9297083a5da8e4705f784b7eb1e330ca1a25d247d3a1a3d [32m200 [0m2.149 ms - 1097[0m
[0mGET /api/getrawtransaction?txid=0e027ecbf97f2e2e70f387c4b718dab84504cd42efe45c34b173ee1b8a678931&decrypt=1 [32m200 [0m1.887 ms - 2155[0m
[0mGET /api/getrawtransaction?txid=3abdb6d7ed6c7c99891eb1158eeefa7a73afa07cb417d344c0c1efe8c9cbe14f&decrypt=1 [32m200 [0m2.429 ms - 5885[0m
[0mGET /api/getblock?hash=b7a5741d5fd1608ac9297083a5da8e4705f784b7eb1e330ca1a25d247d3a1a3d [32m200 [0m3.552 ms - 1097[0m
[0mGET /api/getrawtransaction?txid=7b92a7da8154b7de3584419b99524ad5df9668b62d0cd7d824d7e67257d92c23&decrypt=1 [32m200 [0m3.465 ms - 4021[0m
[0mGET /api/getrawtransaction?txid=72dd7fa5a2dde177d7cf0969933aaacf3e218868b03825869d5e33d33d2e564c&decrypt=1 [32m200 [0m1.814 ms - 2154[0m
[0mGET /api/getrawtransaction?txid=ea3703c3330100261cd09fa43d849e4e3eada0dd10d6e2c58c9d7533afaa1b03&decrypt=1 [32m200 [0m1.794 ms - 2155[0m
[0mGET /api/getrawtransaction?txid=3fb6472b0e5a7542f67441977fe587652ea26efe3ed14972072db2b77532e66c&decrypt=1 [32m200 [0m2.291 ms - 2161[0m
[0mGET /api/getrawtransaction?txid=e728d6341b59d03815591344d21732b3d4b7bf3c3d5ad36483a1c5023f8d9978&decrypt=1 [32m200 [0m1.876 ms - 2156[0m
[0mGET /api/getblockhash?height=112560 [32m200 [0m3.731 ms - 64[0m
[0mGET /api/getblock?hash=91daf1a2ae427dc96f09f8ecc75b20dbd5484f3892b93f01176f90180c58f1aa [32m200 [0m2.083 ms - 1024[0m
[0mGET /api/getrawtransaction?txid=112e0eda5a26823a8b0c23e033ae2ea71a653fa2ca45a84b5e79f1685f1aca27&decrypt=1 [32m200 [0m6.039 ms - 669[0m
[0mGET /api/getblock?hash=91daf1a2ae427dc96f09f8ecc75b20dbd5484f3892b93f01176f90180c58f1aa [32m200 [0m1.664 ms - 1024[0m
[0mGET /api/getrawtransaction?txid=5dd9d226939a2cf466dae892641406b21fc926297f9f3418850834db35012484&decrypt=1 [32m200 [0m2.061 ms - 2154[0m
[0mGET /api/getblock?hash=91daf1a2ae427dc96f09f8ecc75b20dbd5484f3892b93f01176f90180c58f1aa [32m200 [0m1.972 ms - 1024[0m
[0mGET /api/getrawtransaction?txid=08bd36b192935d3927f1d5443a9133877d2f4f957e88fc4927b7ae914924a3ba&decrypt=1 [32m200 [0m2.197 ms - 2160[0m
[0mGET /api/getblockhash?height=112561 [32m200 [0m2.102 ms - 64[0m
[0mGET /api/getblock?hash=cce1cce48852e8b131d4394706b059c54bc5e25bf840a75e0972855c358e49ef [32m200 [0m1.662 ms - 1024[0m
[0mGET /api/getrawtransaction?txid=8fafce33e9f6f78b593f94a803cf2237f6143a35b91679c7c658572ff3c821b8&decrypt=1 [32m200 [0m1.632 ms - 669[0m
[0mGET /api/getblock?hash=cce1cce48852e8b131d4394706b059c54bc5e25bf840a75e0972855c358e49ef [32m200 [0m1.565 ms - 1024[0m
[0mGET /api/getrawtransaction?txid=09413b726abe4b6eccb72ae41a57560454e9f8de4ab2281442a7efdf15ab4013&decrypt=1 [32m200 [0m2.342 ms - 2161[0m
[0mGET /api/getblock?hash=cce1cce48852e8b131d4394706b059c54bc5e25bf840a75e0972855c358e49ef [32m200 [0m1.617 ms - 1024[0m
[0mGET /api/getrawtransaction?txid=66107f535c05c7959e3be34ebd200669fd5a1c0b34315d407e32bec4a6d3f25e&decrypt=1 [32m200 [0m2.098 ms - 2155[0m
[0mGET /api/getblockhash?height=112562 [32m200 [0m1.567 ms - 64[0m
[0mGET /api/getblock?hash=a60f0c16a1d19b93f53fa466848f425d34d81757491ee7eb014a0505728408aa [32m200 [0m1.685 ms - 1096[0m
[0mGET /api/getrawtransaction?txid=d2a471647690988ac542a71d4b2b2cfa6b45646349cef64652f200fdd36cc37d&decrypt=1 [32m200 [0m1.812 ms - 669[0m
[0mGET /api/getblock?hash=a60f0c16a1d19b93f53fa466848f425d34d81757491ee7eb014a0505728408aa [32m200 [0m1.714 ms - 1096[0m
[0mGET /api/getrawtransaction?txid=4fc135733a2aa90162198104ab2e7d5643f65b7730f821ecc8ba7e70aa5e4dc5&decrypt=1 [32m200 [0m2.302 ms - 2646[0m
[0mGET /api/getblock?hash=a60f0c16a1d19b93f53fa466848f425d34d81757491ee7eb014a0505728408aa [32m200 [0m1.778 ms - 1096[0m
[0mGET /api/getrawtransaction?txid=c50a28482d6f8fccb870d6b9b48901f8666933834a6ce08708c52b6eebb99891&decrypt=1 [32m200 [0m1.857 ms - 2640[0m
[0mGET /api/getrawtransaction?txid=f43467d581772e1083a8fcd228dcf8e5c175b9cc7dfccd327977d49a485c46d1&decrypt=1 [32m200 [0m2.047 ms - 1715[0m
[0mGET /api/getblock?hash=a60f0c16a1d19b93f53fa466848f425d34d81757491ee7eb014a0505728408aa [32m200 [0m1.697 ms - 1096[0m
[0mGET /api/getrawtransaction?txid=ec253e44db8fc3f0c523b70365851a8f5029b5504427b58536a29487927bcaf7&decrypt=1 [32m200 [0m1.879 ms - 2161[0m
[0mGET /api/getblockhash?height=112563 [32m200 [0m1.623 ms - 64[0m
[0mGET /api/getblock?hash=9825bf9f72573ed9f5f1a517f3fc6fe6acb4c5e65b3dd7d23998672cf3e83336 [32m200 [0m1.665 ms - 1024[0m
[0mGET /api/getrawtransaction?txid=c3c6bdb8f69f4843ba461e45009cdaa3ce1de46a084f1a1d85b50b880d284513&decrypt=1 [32m200 [0m1.750 ms - 669[0m
[0mGET /api/getblock?hash=9825bf9f72573ed9f5f1a517f3fc6fe6acb4c5e65b3dd7d23998672cf3e83336 [32m200 [0m1.706 ms - 1024[0m
[0mGET /api/getrawtransaction?txid=8eabd413bc0ce4f99d3d03f64aae14b4df08d2f6dfaf9981b720490af1b06ddd&decrypt=1 [32m200 [0m2.166 ms - 2161[0m
[0mGET /api/getblock?hash=9825bf9f72573ed9f5f1a517f3fc6fe6acb4c5e65b3dd7d23998672cf3e83336 [32m200 [0m1.628 ms - 1024[0m
[0mGET /api/getrawtransaction?txid=4887642237f5a4624198d6f04f46321a27b0ba439793e306c6d062f03362e9c6&decrypt=1 [32m200 [0m2.466 ms - 2161[0m
[0mGET /api/getblockhash?height=112564 [32m200 [0m1.534 ms - 64[0m
[0mGET /api/getblock?hash=e5aaefa442e06d7af988ce59cf36be7254a3694d5d0a82ea6c2f9f95c387fcd3 [32m200 [0m1.646 ms - 1024[0m
[0mGET /api/getrawtransaction?txid=46daf4e3c9913f151a6ece1d6db098ee17215972149fb01fbad32298561f817b&decrypt=1 [32m200 [0m1.791 ms - 669[0m
[0mGET /api/getblock?hash=e5aaefa442e06d7af988ce59cf36be7254a3694d5d0a82ea6c2f9f95c387fcd3 [32m200 [0m1.588 ms - 1024[0m
[0mGET /api/getrawtransaction?txid=d6d9f53d27e78caa644502bab6a635314900ff7c7c71a9fb01a818b5bf1820db&decrypt=1 [32m200 [0m2.419 ms - 2161[0m
[0mGET /api/getblock?hash=e5aaefa442e06d7af988ce59cf36be7254a3694d5d0a82ea6c2f9f95c387fcd3 [32m200 [0m1.792 ms - 1024[0m
[0mGET /api/getrawtransaction?txid=381da59e3f8ec6c50710f5b0e5ffd792efd475908ef9ee99ceecdf8ba8d1931e&decrypt=1 [32m200 [0m3.408 ms - 2161[0m
[0mGET /api/getblockhash?height=112565 [32m200 [0m1.582 ms - 64[0m
[0mGET /api/getblock?hash=7a2638fb53bbd6d2419feb8292d91b85f6ed363f77c8b5b751852ab2eaf24641 [32m200 [0m1.622 ms - 1024[0m
[0mGET /api/getrawtransaction?txid=c31e5674395991c906e71e45a0070a114be5bb2a8058c25f5249ff0aed334545&decrypt=1 [32m200 [0m1.661 ms - 669[0m
[0mGET /api/getblock?hash=7a2638fb53bbd6d2419feb8292d91b85f6ed363f77c8b5b751852ab2eaf24641 [32m200 [0m1.641 ms - 1024[0m
[0mGET /api/getrawtransaction?txid=7e27c58272896b996c5ef75ca0c42b422eb391e440ccb78d2ead1055fb03a699&decrypt=1 [32m200 [0m2.215 ms - 2642[0m
[0mGET /api/getblock?hash=7a2638fb53bbd6d2419feb8292d91b85f6ed363f77c8b5b751852ab2eaf24641 [32m200 [0m1.606 ms - 1024[0m
[0mGET /api/getrawtransaction?txid=2e5504e3cc36559cbaaf3e4dfb281693b97f1b18fef05d07ec03f2c3d5650384&decrypt=1 [32m200 [0m1.859 ms - 2648[0m
[0mGET /api/getblockhash?height=112566 [32m200 [0m1.618 ms - 64[0m
[0mGET /api/getblock?hash=92cd799ddb4609ab1a2301796679b5069aae00208723eb6158634ad161610509 [32m200 [0m1.826 ms - 1023[0m
[0mGET /api/getrawtransaction?txid=389be6b8136b1a126bcbb2314f739f9f54697b2707c218ba49eb5383db844f47&decrypt=1 [32m200 [0m4.023 ms - 669[0m
[0mGET /api/getblock?hash=92cd799ddb4609ab1a2301796679b5069aae00208723eb6158634ad161610509 [32m200 [0m2.183 ms - 1023[0m
[0mGET /api/getrawtransaction?txid=049b0a3913a36063e529df22004400a3ced1e7652ad25628188cac5118ea80d8&decrypt=1 [32m200 [0m2.212 ms - 2154[0m
[0mGET /api/getblock?hash=92cd799ddb4609ab1a2301796679b5069aae00208723eb6158634ad161610509 [32m200 [0m2.858 ms - 1023[0m
[0mGET /api/getrawtransaction?txid=540327b28dbb421bcb0935028829bc6bce01ba40fc7e3e1d74af56735323a872&decrypt=1 [32m200 [0m3.161 ms - 2160[0m
[0mGET /api/getblockhash?height=112567 [32m200 [0m1.858 ms - 64[0m
[0mGET /api/getblock?hash=2e55ec4d928131767719d17371af8352bbb65765b5ae7c1ba85d3b042dc0bc39 [32m200 [0m1.864 ms - 1024[0m
[0mGET /api/getrawtransaction?txid=80ee7c0e38379dcd79f80012c65b28c0dfbaa7cf12772f542020c31da120dd9f&decrypt=1 [32m200 [0m6.447 ms - 669[0m
[0mGET /api/getblock?hash=2e55ec4d928131767719d17371af8352bbb65765b5ae7c1ba85d3b042dc0bc39 [32m200 [0m1.725 ms - 1024[0m
[0mGET /api/getrawtransaction?txid=ddae7e7a2eed2c5ae0b1bb6a296b896fccc0b0678cbcd3bf373a4185c40cd74e&decrypt=1 [32m200 [0m2.100 ms - 2155[0m
[0mGET /api/getblock?hash=2e55ec4d928131767719d17371af8352bbb65765b5ae7c1ba85d3b042dc0bc39 [32m200 [0m1.678 ms - 1024[0m
[0mGET /api/getrawtransaction?txid=0bd38ce03edb5f987f91df7a2b96923ad40f9613f5acc6a7f55442d1eeaa8557&decrypt=1 [32m200 [0m1.913 ms - 2161[0m
[0mGET /api/getblockhash?height=112568 [32m200 [0m1.601 ms - 64[0m
[0mGET /api/getblock?hash=d2d1ac1854f1b78e8e4a12c4d616e8a42671fb6be11e50da784c210a62cdfd7b [32m200 [0m1.742 ms - 1024[0m
[0mGET /api/getrawtransaction?txid=d03e70befab448d19678ba8984c3f68abdfebe9e3c6314044235ad5ae93d02a7&decrypt=1 [32m200 [0m1.679 ms - 669[0m
[0mGET /api/getblock?hash=d2d1ac1854f1b78e8e4a12c4d616e8a42671fb6be11e50da784c210a62cdfd7b [32m200 [0m1.572 ms - 1024[0m
[0mGET /api/getrawtransaction?txid=44f39b5a2c968d27dbc55b16209e363aaf96adc9d2ffd54c4ba7767e4e9069a7&decrypt=1 [32m200 [0m3.314 ms - 2158[0m
[0mGET /api/getblock?hash=d2d1ac1854f1b78e8e4a12c4d616e8a42671fb6be11e50da784c210a62cdfd7b [32m200 [0m1.639 ms - 1024[0m
[0mGET /api/getrawtransaction?txid=baa0eb78046fa2b629459f5fc9213b77b6bd6c58e9d92e0f4243101a81cd547f&decrypt=1 [32m200 [0m1.813 ms - 2158[0m
[0mGET /api/getblockhash?height=112569 [32m200 [0m2.263 ms - 64[0m
[0mGET /api/getblock?hash=bebd9cd234e4e1e489e39dee509dff6ee066231f0d95abc4a7ff3e9236c99096 [32m200 [0m2.374 ms - 1024[0m
[0mGET /api/getrawtransaction?txid=7390ce239a37abec8ee391c790b9cf69e91e0bd9b2fa115c0bc2b20395e5d7b7&decrypt=1 [32m200 [0m1.866 ms - 669[0m
[0mGET /api/getblock?hash=bebd9cd234e4e1e489e39dee509dff6ee066231f0d95abc4a7ff3e9236c99096 [32m200 [0m1.610 ms - 1024[0m
[0mGET /api/getrawtransaction?txid=7677caa34b78cf01076453edfa0cfce5ce8c89c4bfac10b1fd1700f2b0b1506f&decrypt=1 [32m200 [0m1.989 ms - 2161[0m
[0mGET /api/getblock?hash=bebd9cd234e4e1e489e39dee509dff6ee066231f0d95abc4a7ff3e9236c99096 [32m200 [0m3.422 ms - 1024[0m
[0mGET /api/getrawtransaction?txid=e2f524ee0c7d0d1d2f97fc82385f2f5851418748c701879df0be92ecdcf332ee&decrypt=1 [32m200 [0m1.718 ms - 2155[0m
[0mGET /api/getblockhash?height=112570 [32m200 [0m1.497 ms - 64[0m
[0mGET /api/getblock?hash=ae52da30ce5a5ad484d52593d9de96e77a520c12328bde8e88d355abaa47dc0f [32m200 [0m1.586 ms - 1024[0m
[0mGET /api/getrawtransaction?txid=10cdfaed69b531afbae227bf4644c547870a4e6baf002b91ac403e4a479a41df&decrypt=1 [32m200 [0m1.683 ms - 669[0m
[0mGET /api/getblock?hash=ae52da30ce5a5ad484d52593d9de96e77a520c12328bde8e88d355abaa47dc0f [32m200 [0m1.630 ms - 1024[0m
[0mGET /api/getrawtransaction?txid=84b5ed971dc9aff22dc2092a37a860c0321dd461881c714086bd47a68e0ab65d&decrypt=1 [32m200 [0m2.061 ms - 2155[0m
[0mGET /api/getblock?hash=ae52da30ce5a5ad484d52593d9de96e77a520c12328bde8e88d355abaa47dc0f [32m200 [0m1.560 ms - 1024[0m
[0mGET /api/getrawtransaction?txid=f40eb84a6c87dff6c971c2b47a8d1445d5af555e4665d76b49727ff516f87f48&decrypt=1 [32m200 [0m2.316 ms - 2161[0m
[0mGET /api/getblockhash?height=112571 [32m200 [0m1.602 ms - 64[0m
[0mGET /api/getblock?hash=ff67d32b426edfd47072185d387060b7422e63b1b7cd4997213ef5266fbb5ba2 [32m200 [0m1.816 ms - 1024[0m
[0mGET /api/getrawtransaction?txid=43f7957be58fb996d3dcb128627a926a537ca7ca3de54e72998a12a20f3a9e3a&decrypt=1 [32m200 [0m1.851 ms - 669[0m
[0mGET /api/getblock?hash=ff67d32b426edfd47072185d387060b7422e63b1b7cd4997213ef5266fbb5ba2 [32m200 [0m1.806 ms - 1024[0m
[0mGET /api/getrawtransaction?txid=c3a3671f4a716dcaeda902637a5b0cf461510339da1462f3608db66732973e04&decrypt=1 [32m200 [0m2.283 ms - 2161[0m
[0mGET /api/getblock?hash=ff67d32b426edfd47072185d387060b7422e63b1b7cd4997213ef5266fbb5ba2 [32m200 [0m9.383 ms - 1024[0m
[0mGET /api/getrawtransaction?txid=04f61d8f16da76df47d00eafd75617474596038505a718d06ea8df5d284d575c&decrypt=1 [32m200 [0m1.963 ms - 2155[0m
[0mGET /api/getblockhash?height=112572 [32m200 [0m5.311 ms - 64[0m
[0mGET /api/getblock?hash=b54d1ed3d01c62d30d4b2fc024fde43cb7501d67f1a38eb86afd757368dd9e72 [32m200 [0m1.827 ms - 1024[0m
[0mGET /api/getrawtransaction?txid=4cf3e3eaf252db899d49aeda4e58350fed74743b01f3c106abea251ef616ebd0&decrypt=1 [32m200 [0m1.587 ms - 669[0m
[0mGET /api/getblock?hash=b54d1ed3d01c62d30d4b2fc024fde43cb7501d67f1a38eb86afd757368dd9e72 [32m200 [0m1.533 ms - 1024[0m
[0mGET /api/getrawtransaction?txid=960808180430ece80106330dfe727fa20f029b9739c767a4b5865e0e12bcd400&decrypt=1 [32m200 [0m2.031 ms - 2160[0m
[0mGET /api/getblock?hash=b54d1ed3d01c62d30d4b2fc024fde43cb7501d67f1a38eb86afd757368dd9e72 [32m200 [0m1.611 ms - 1024[0m
[0mGET /api/getrawtransaction?txid=89b4da21d8e1b425de316d8c023a448e25d5f3097ee60dec04436dc4db907b43&decrypt=1 [32m200 [0m1.799 ms - 2645[0m
[0mGET /api/getblockhash?height=112573 [32m200 [0m4.134 ms - 64[0m
[0mGET /api/getblock?hash=dd21d99d990cffce4cce0af77f40878ee18bbc1aeaa32f38e459ccd025a4ed1d [32m200 [0m1.829 ms - 1022[0m
[0mGET /api/getrawtransaction?txid=b411314ea2070a56e446d6a36b2ad4f4c229521486b1d49190995427295f9ce7&decrypt=1 [32m200 [0m1.550 ms - 669[0m
[0mGET /api/getblock?hash=dd21d99d990cffce4cce0af77f40878ee18bbc1aeaa32f38e459ccd025a4ed1d [32m200 [0m1.584 ms - 1022[0m
[0mGET /api/getrawtransaction?txid=ae01c472c5fb8ac3777eb8275c3f9c24642fc5b96b1f0c375efcadc4702a8b26&decrypt=1 [32m200 [0m2.117 ms - 2155[0m
[0mGET /api/getblock?hash=dd21d99d990cffce4cce0af77f40878ee18bbc1aeaa32f38e459ccd025a4ed1d [32m200 [0m1.690 ms - 1022[0m
[0mGET /api/getrawtransaction?txid=f041912eabe35813cdbc623b659b7d23348875e66815206e818fc94917c353ba&decrypt=1 [32m200 [0m2.317 ms - 2161[0m
[0mGET /api/getblockhash?height=112574 [32m200 [0m1.660 ms - 64[0m
[0mGET /api/getblock?hash=69324f0f69a238d8e47fdbd627beb57defe0ab0ea57f64397bc8d3df866148be [32m200 [0m1.634 ms - 1096[0m
[0mGET /api/getrawtransaction?txid=6df5358fdfcfbc4c361af6dfe4b0ecfdf747184c642f8f09a596596e264fea42&decrypt=1 [32m200 [0m1.641 ms - 669[0m
[0mGET /api/getblock?hash=69324f0f69a238d8e47fdbd627beb57defe0ab0ea57f64397bc8d3df866148be [32m200 [0m1.559 ms - 1096[0m
[0mGET /api/getrawtransaction?txid=d045266c597c0c9250d1b255b9b7f5ac4e975aab2384cbe45cffd85092ce4e31&decrypt=1 [32m200 [0m2.080 ms - 2640[0m
[0mGET /api/getblock?hash=69324f0f69a238d8e47fdbd627beb57defe0ab0ea57f64397bc8d3df866148be [32m200 [0m1.615 ms - 1096[0m
[0mGET /api/getrawtransaction?txid=a4fd085271d9f3f5dbcf39543790ba95c27f2aee999d93b3834cd533000c0fec&decrypt=1 [32m200 [0m1.884 ms - 2640[0m
[0mGET /api/getrawtransaction?txid=084ce91118df6ac3263342a2729ad098e5fe101eb0ea8a339f171255bb274d8f&decrypt=1 [32m200 [0m2.300 ms - 1975[0m
[0mGET /api/getblock?hash=69324f0f69a238d8e47fdbd627beb57defe0ab0ea57f64397bc8d3df866148be [32m200 [0m1.697 ms - 1096[0m
[0mGET /api/getrawtransaction?txid=980647310930150f6ca7dc78cf26515aa703d5a279edbf3384c97a366f6fc6fa&decrypt=1 [32m200 [0m1.686 ms - 2158[0m
[0mGET /api/getblockhash?height=112575 [32m200 [0m1.689 ms - 64[0m
[0mGET /api/getblock?hash=887170038d2cc9cf8acf3599919fd69284b8789c3ac80bf00f02d02dc4a62235 [32m200 [0m1.645 ms - 1024[0m
[0mGET /api/getrawtransaction?txid=28f7eb07d00efc2874fb16bcb60bc2c2b897cbe409fc0fb4e00429ce8f057ab1&decrypt=1 [32m200 [0m1.684 ms - 669[0m
[0mGET /api/getblock?hash=887170038d2cc9cf8acf3599919fd69284b8789c3ac80bf00f02d02dc4a62235 [32m200 [0m1.565 ms - 1024[0m
[0mGET /api/getrawtransaction?txid=3dc5708f54cdb92710ffbb22ebc6f17dca6a523cddc39fc9072a5ebc3609ddae&decrypt=1 [32m200 [0m2.207 ms - 2155[0m
[0mGET /api/getblock?hash=887170038d2cc9cf8acf3599919fd69284b8789c3ac80bf00f02d02dc4a62235 [32m200 [0m1.786 ms - 1024[0m
[0mGET /api/getrawtransaction?txid=734efaf7ed86c196acfa029985bb559b67fe173dab0a31d58a709fe25153ee11&decrypt=1 [32m200 [0m2.526 ms - 2155[0m
[0mGET /api/getblockhash?height=112576 [32m200 [0m1.543 ms - 64[0m
[0mGET /api/getblock?hash=ef4993e0fce5b608d6547974ae5fe920421f478b87f1c3bcefac76a41624bcbc [32m200 [0m1.748 ms - 1024[0m
[0mGET /api/getrawtransaction?txid=e23a57a4f90545b3795868a5c0cb82f613b7afcd2971dfafc6c8301c89551aa2&decrypt=1 [32m200 [0m1.527 ms - 669[0m
[0mGET /api/getblock?hash=ef4993e0fce5b608d6547974ae5fe920421f478b87f1c3bcefac76a41624bcbc [32m200 [0m1.579 ms - 1024[0m
[0mGET /api/getrawtransaction?txid=41f5e7931dcc8dda3550ffd3fa28b47ca983ef14db0a08ae5738ce5b36dac3fa&decrypt=1 [32m200 [0m1.930 ms - 2161[0m
[0mGET /api/getblock?hash=ef4993e0fce5b608d6547974ae5fe920421f478b87f1c3bcefac76a41624bcbc [32m200 [0m1.609 ms - 1024[0m
[0mGET /api/getrawtransaction?txid=fb367c694726df91685739412f3c0e7b924b966e4041f42cc081555849654761&decrypt=1 [32m200 [0m2.500 ms - 2155[0m
[0mGET /api/getblockhash?height=112577 [32m200 [0m1.648 ms - 64[0m
[0mGET /api/getblock?hash=87d01eaeaf1bfc913f3af140347bc080e8c1109f945ca4571aa1369f9e0414ee [32m200 [0m4.997 ms - 1024[0m
[0mGET /api/getrawtransaction?txid=24784761fa80ef054fe612afbe9dc065dce6e321d9cfa0b80be6a2cedefb7e7e&decrypt=1 [32m200 [0m1.774 ms - 669[0m
[0mGET /api/getblock?hash=87d01eaeaf1bfc913f3af140347bc080e8c1109f945ca4571aa1369f9e0414ee [32m200 [0m1.588 ms - 1024[0m
[0mGET /api/getrawtransaction?txid=87301125c7d4c964de3b0399dafde3a4f7a0433e7bc6fed1a888963aaeef04b0&decrypt=1 [32m200 [0m2.095 ms - 2639[0m
[0mGET /api/getblock?hash=87d01eaeaf1bfc913f3af140347bc080e8c1109f945ca4571aa1369f9e0414ee [32m200 [0m2.144 ms - 1024[0m
[0mGET /api/getrawtransaction?txid=0b02d6e88c38a8eef6ca19377e2766a722bb5fea6a8aabe860cb69da4f9540a6&decrypt=1 [32m200 [0m1.785 ms - 2646[0m
[0mGET /api/getblockhash?height=112578 [32m200 [0m1.544 ms - 64[0m
[0mGET /api/getblock?hash=f72f1f1870f6731d7e2594f3d09743bdada26714b5912b8e67b6f2d85c5dd3b6 [32m200 [0m1.584 ms - 1024[0m
[0mGET /api/getrawtransaction?txid=38ca3dd5cd24e8e3ed29b7647f5a3f8b451efc8338192af82f67250bfd192378&decrypt=1 [32m200 [0m1.512 ms - 669[0m
[0mGET /api/getblock?hash=f72f1f1870f6731d7e2594f3d09743bdada26714b5912b8e67b6f2d85c5dd3b6 [32m200 [0m1.588 ms - 1024[0m
[0mGET /api/getrawtransaction?txid=188ec1be99b000d9d39f19a7f55b35d39c6ed38c637764cef77d321424a31604&decrypt=1 [32m200 [0m1.931 ms - 2161[0m
[0mGET /api/getblock?hash=f72f1f1870f6731d7e2594f3d09743bdada26714b5912b8e67b6f2d85c5dd3b6 [32m200 [0m1.600 ms - 1024[0m
[0mGET /api/getrawtransaction?txid=b778f1d84dbb438a8b68d28f35cbc71d8c918d7568ab4436965c844cba608976&decrypt=1 [32m200 [0m2.550 ms - 2155[0m
[0mGET /api/getblockhash?height=112579 [32m200 [0m1.735 ms - 64[0m
[0mGET /api/getblock?hash=c1a77bfed42cd072c81eb39cace50a664691eb60b6e30907f3a8e332f2854f14 [32m200 [0m2.031 ms - 1024[0m
[0mGET /api/getrawtransaction?txid=6bfbf346094217866af97a250c75aad1dd5a7def07c8ef9f77859c6eb165492f&decrypt=1 [32m200 [0m1.713 ms - 669[0m
[0mGET /api/getblock?hash=c1a77bfed42cd072c81eb39cace50a664691eb60b6e30907f3a8e332f2854f14 [32m200 [0m1.509 ms - 1024[0m
[0mGET /api/getrawtransaction?txid=f871ad51c86d8f6af1045559098d8ab67d0a2779a65610e0d529fe82b596df01&decrypt=1 [32m200 [0m1.972 ms - 2359[0m
[0mGET /api/getblock?hash=c1a77bfed42cd072c81eb39cace50a664691eb60b6e30907f3a8e332f2854f14 [32m200 [0m1.575 ms - 1024[0m
[0mGET /api/getrawtransaction?txid=a18fbfd4ccba139e7bbe844900275fd8de30b42faabff3eba80120798542d51a&decrypt=1 [32m200 [0m1.873 ms - 2158[0m
[0mGET /api/getblockhash?height=112580 [32m200 [0m1.576 ms - 64[0m
[0mGET /api/getblock?hash=3ccfa4fa8d80a066476cdf0e4f975e12d9d803b699e0cd42452a1b7a7ca499b4 [32m200 [0m1.857 ms - 1024[0m
[0mGET /api/getrawtransaction?txid=13f0753ed9ede4dc4719e8351fb5ce6d7e9f735708e9264cc4b92192499f33ac&decrypt=1 [32m200 [0m1.628 ms - 669[0m
[0mGET /api/getblock?hash=3ccfa4fa8d80a066476cdf0e4f975e12d9d803b699e0cd42452a1b7a7ca499b4 [32m200 [0m1.566 ms - 1024[0m
[0mGET /api/getrawtransaction?txid=dcae034e709bfc5f816514aac1be3f4b8b34fe27ed394f9f1b5501921235c54a&decrypt=1 [32m200 [0m1.986 ms - 2642[0m
[0mGET /api/getblock?hash=3ccfa4fa8d80a066476cdf0e4f975e12d9d803b699e0cd42452a1b7a7ca499b4 [32m200 [0m1.718 ms - 1024[0m
[0mGET /api/getrawtransaction?txid=5e91634d78ea4249a17802a3fc2ff178dd7df805b58502e808b2dea039e22854&decrypt=1 [32m200 [0m1.705 ms - 2642[0m
[0mGET /api/getblockhash?height=112581 [32m200 [0m1.638 ms - 64[0m
[0mGET /api/getblock?hash=b7d2604ae22025751357c768f2a027e6330253cd45871420bb53ba0dff534f55 [32m200 [0m1.716 ms - 1024[0m
[0mGET /api/getrawtransaction?txid=b8db896db25510313106c1f17e69369632cc0866587b7893642de7a907e2f590&decrypt=1 [32m200 [0m1.691 ms - 669[0m
[0mGET /api/getblock?hash=b7d2604ae22025751357c768f2a027e6330253cd45871420bb53ba0dff534f55 [32m200 [0m1.546 ms - 1024[0m
[0mGET /api/getrawtransaction?txid=d71192095698a863edd4ceb95ca01ebd4bb072aa4e2cef20cb89fe9342abda02&decrypt=1 [32m200 [0m3.490 ms - 2155[0m
[0mGET /api/getblock?hash=b7d2604ae22025751357c768f2a027e6330253cd45871420bb53ba0dff534f55 [32m200 [0m5.521 ms - 1024[0m
[0mGET /api/getrawtransaction?txid=fba56f24f49cf951e8df2881506b58e17e4dc1b83f88663964e4759c60ae178a&decrypt=1 [32m200 [0m2.024 ms - 2161[0m
[0mGET /api/getblockhash?height=112582 [32m200 [0m2.794 ms - 64[0m
[0mGET /api/getblock?hash=bfbb1f534dbef3e033bb1223e18e0a5e86bb134a5d0bcac0ad5b143e7f9d913c [32m200 [0m4.572 ms - 1024[0m
[0mGET /api/getrawtransaction?txid=ac2d0f567bd4c106672728e5242e909cd9b6e21de37f83486d98d87ed4b50d5a&decrypt=1 [32m200 [0m3.424 ms - 669[0m
[0mGET /api/getblock?hash=bfbb1f534dbef3e033bb1223e18e0a5e86bb134a5d0bcac0ad5b143e7f9d913c [32m200 [0m5.673 ms - 1024[0m
[0mGET /api/getrawtransaction?txid=98cd3e9cef092f1a062bc571ea374f93c2b0c3970df987e2b30830b726d12b3c&decrypt=1 [32m200 [0m1.893 ms - 2155[0m
[0mGET /api/getblock?hash=bfbb1f534dbef3e033bb1223e18e0a5e86bb134a5d0bcac0ad5b143e7f9d913c [32m200 [0m3.070 ms - 1024[0m
[0mGET /api/getrawtransaction?txid=6ff2e1a5a7c9896864e7f1e4ed27904476f49f074a8c3541d9a94114b0a8ae20&decrypt=1 [32m200 [0m6.572 ms - 2161[0m
[0mGET /api/getblockhash?height=112583 [32m200 [0m3.657 ms - 64[0m
[0mGET /api/getblock?hash=d483a9001d62d01f0a270eb12f573c1da179c4cf25c139158e03af53a449f4b6 [32m200 [0m1.586 ms - 1024[0m
[0mGET /api/getrawtransaction?txid=3783c59927069eaea681488a7e8d7389ded59f9180a2152e8ced332af74e4dcf&decrypt=1 [32m200 [0m6.043 ms - 669[0m
[0mGET /api/getblock?hash=d483a9001d62d01f0a270eb12f573c1da179c4cf25c139158e03af53a449f4b6 [32m200 [0m3.721 ms - 1024[0m
[0mGET /api/getrawtransaction?txid=58ce9854807a286d6b0e9bd4e755cd4ea6a9bba639f43d2b7fbe081af38935fe&decrypt=1 [32m200 [0m2.108 ms - 2161[0m
[0mGET /api/getblock?hash=d483a9001d62d01f0a270eb12f573c1da179c4cf25c139158e03af53a449f4b6 [32m200 [0m5.662 ms - 1024[0m
[0mGET /api/getrawtransaction?txid=a7e9d7a51e4267a73985a3dc4a6f332b5e4ac2ca0bd8604a3bf8a91c55491f4f&decrypt=1 [32m200 [0m4.873 ms - 2155[0m
[0mGET /api/getblockhash?height=112584 [32m200 [0m3.600 ms - 64[0m
[0mGET /api/getblock?hash=c110aa2c4e74c9d3e3cdb785382c04bf89445000d5df4972d6cd6cd4bef83b65 [32m200 [0m1.713 ms - 1024[0m
[0mGET /api/getrawtransaction?txid=c22c83ec9b5d53a28684d7169cd1cebd97e409488033897044d0d116bbbbb959&decrypt=1 [32m200 [0m1.524 ms - 669[0m
[0mGET /api/getblock?hash=c110aa2c4e74c9d3e3cdb785382c04bf89445000d5df4972d6cd6cd4bef83b65 [32m200 [0m2.649 ms - 1024[0m
[0mGET /api/getrawtransaction?txid=d5aacb31e9cd65efb3e979c7d1ea469a463e42e687bef3cec786a183d2875e65&decrypt=1 [32m200 [0m1.929 ms - 2152[0m
[0mGET /api/getblock?hash=c110aa2c4e74c9d3e3cdb785382c04bf89445000d5df4972d6cd6cd4bef83b65 [32m200 [0m6.006 ms - 1024[0m
[0mGET /api/getrawtransaction?txid=4b52a053acd2ff0c15cd80f11850741d16b76d09067a7292e6a873b09f73d80c&decrypt=1 [32m200 [0m6.265 ms - 2152[0m
[0mGET /api/getblockhash?height=112585 [32m200 [0m3.311 ms - 64[0m
[0mGET /api/getblock?hash=84b783566053e3a73fb5eb7a12acd24b65d6beef0e4e36660120e5eb8b32b775 [32m200 [0m5.981 ms - 1097[0m
[0mGET /api/getrawtransaction?txid=47a295838550b4000d0eba12d53fd1de25f3598cf82d6549f92ce6b0850aeb38&decrypt=1 [32m200 [0m3.335 ms - 669[0m
[0mGET /api/getblock?hash=84b783566053e3a73fb5eb7a12acd24b65d6beef0e4e36660120e5eb8b32b775 [32m200 [0m6.524 ms - 1097[0m
[0mGET /api/getrawtransaction?txid=1a2c7af831b54582f1ce51cff5b14132d6459f357c044232a2879e4bb5b97ede&decrypt=1 [32m200 [0m2.355 ms - 2161[0m
[0mGET /api/getblock?hash=84b783566053e3a73fb5eb7a12acd24b65d6beef0e4e36660120e5eb8b32b775 [32m200 [0m6.600 ms - 1097[0m
[0mGET /api/getrawtransaction?txid=a7b45a1c7058ecb674fbf65fcb450fed9c2caef9b73eee90873c9d2542fe5aae&decrypt=1 [32m200 [0m2.917 ms - 2161[0m
[0mGET /api/getrawtransaction?txid=736f2d65a0f86c8c160fa00b834e6744f6ef54d33f657167d476e1a78ecd1d41&decrypt=1 [32m200 [0m2.849 ms - 13773[0m
[0mGET /api/getblock?hash=84b783566053e3a73fb5eb7a12acd24b65d6beef0e4e36660120e5eb8b32b775 [32m200 [0m2.321 ms - 1097[0m
[0mGET /api/getrawtransaction?txid=2b070f55d9b1141cc64c7a94d1736b90300a4255432b1261e5e4ec209e769690&decrypt=1 [32m200 [0m3.417 ms - 2155[0m
[0mGET /api/getrawtransaction?txid=85095ce4e08802ea81e39c776badd7b5534a57d165a03680ca8d2d2e86806428&decrypt=1 [32m200 [0m6.753 ms - 2158[0m
[0mGET /api/getrawtransaction?txid=fa527ef8200015d0971e6e229c13812f7cc89157b219b2d26a0c7abd5d77f3a1&decrypt=1 [32m200 [0m3.065 ms - 2155[0m
[0mGET /api/getrawtransaction?txid=87f38d4034feb02664ca6c33fa96bb7c7d9b6ff01148e0737d8dd4836c0926bc&decrypt=1 [32m200 [0m3.693 ms - 2155[0m
[0mGET /api/getrawtransaction?txid=31196036cc9f9d10cd729557f8d875532546e61ef41a8c87e6d6b070c0fc55d3&decrypt=1 [32m200 [0m6.727 ms - 2155[0m
[0mGET /api/getrawtransaction?txid=9f1da393a8a1d4201439858b4d0dcac9b1c74569d562652e2ed57069294a10f5&decrypt=1 [32m200 [0m2.874 ms - 2355[0m
[0mGET /api/getrawtransaction?txid=ecbe4e27b15d16f2437658012b65affa69e97eeb659e851d1825507a3c9bc632&decrypt=1 [32m200 [0m7.540 ms - 2640[0m
[0mGET /api/getrawtransaction?txid=be2ee00b0d6799beaa38ba67e617ae996262efd06b2ce7fa5f742817063d6f49&decrypt=1 [32m200 [0m10.070 ms - 2155[0m
[0mGET /api/getrawtransaction?txid=20a0e81acb88601bbe4ef48c1f46029df1f5ea64bac3dbbb0143542d678ea969&decrypt=1 [32m200 [0m3.512 ms - 2161[0m
[0mGET /api/getrawtransaction?txid=84a1e4c581bda4e12f36bb46a6ac24211475a2718257c7825e7eeb4ef4005160&decrypt=1 [32m200 [0m115.891 ms - 2155[0m
[0mGET /api/getrawtransaction?txid=6a6c955e1a06e34c33f82ca64193def3073a82aced25a0dc419dee6a0c49ee60&decrypt=1 [32m200 [0m4.858 ms - 2155[0m
[0mGET /api/getrawtransaction?txid=5c4cdf37d221b2fbd1cf716924434f99a1ab048bc86876f98d7126eb5b4f2972&decrypt=1 [32m200 [0m53.372 ms - 2648[0m
[0mGET /api/getrawtransaction?txid=30dbebee722b81cb86f465a9612d397a971f553b048cdc6609e772a5b27edf77&decrypt=1 [32m200 [0m3.666 ms - 2160[0m
[0mGET /api/getrawtransaction?txid=94f998cc351529f08a81a6b5c3470b0c818e322cc63c8d1dc7496bd95c4dc76f&decrypt=1 [32m200 [0m18.123 ms - 2646[0m
[0mGET /api/getblockhash?height=112586 [32m200 [0m18.271 ms - 64[0m
[0mGET /api/getblock?hash=973714f672467842a954492a26ddd5117bbe5bb78c1a26d437bb7bbc192c2eaa [32m200 [0m2.218 ms - 1024[0m
[0mGET /api/getrawtransaction?txid=8ef84ea9722f93efc63aa93c7d1c291121e6669f8cd73188ee5d11f54ee7effa&decrypt=1 [32m200 [0m2.226 ms - 669[0m
[0mGET /api/getblock?hash=973714f672467842a954492a26ddd5117bbe5bb78c1a26d437bb7bbc192c2eaa [32m200 [0m2.172 ms - 1024[0m
[0mGET /api/getrawtransaction?txid=45cc63e6f4e5aaadd801c94bc84fd3adf43bbd1460dafe83e5288dacb0a25b68&decrypt=1 [32m200 [0m15.091 ms - 2161[0m
[0mGET /api/getblock?hash=973714f672467842a954492a26ddd5117bbe5bb78c1a26d437bb7bbc192c2eaa [32m200 [0m2.346 ms - 1024[0m
[0mGET /api/getrawtransaction?txid=c310755e9d067374208bf86481e52194aafbb12399667f6312df8a585d670ffd&decrypt=1 [32m200 [0m2.313 ms - 2155[0m
[0mGET /api/getblockhash?height=112587 [32m200 [0m2.057 ms - 64[0m
[0mGET /api/getblock?hash=771a0a65857b11d14da94a622a7bf0ba4cd02d34772ede8dac65d561e2002929 [32m200 [0m2.096 ms - 1024[0m
[0mGET /api/getrawtransaction?txid=b62bb90118ea764d022736d2b486ee8ae923bb446b892bae3ca0fec1e8587cce&decrypt=1 [32m200 [0m1.853 ms - 669[0m
[0mGET /api/getblock?hash=771a0a65857b11d14da94a622a7bf0ba4cd02d34772ede8dac65d561e2002929 [32m200 [0m2.026 ms - 1024[0m
[0mGET /api/getrawtransaction?txid=0e60160108a06cef00187b4197adf96a0294f3faa4dd209ca62dc156ea3ba7cb&decrypt=1 [32m200 [0m2.222 ms - 2161[0m
[0mGET /api/getblock?hash=771a0a65857b11d14da94a622a7bf0ba4cd02d34772ede8dac65d561e2002929 [32m200 [0m2.016 ms - 1024[0m
[0mGET /api/getrawtransaction?txid=1c2e8d90849724d97906ad372a0423835c0e56df1d327e364bce95739d96c312&decrypt=1 [32m200 [0m2.483 ms - 2161[0m
[0mGET /api/getblockhash?height=112588 [32m200 [0m1.755 ms - 64[0m
[0mGET /api/getblock?hash=3e8936e20aaab26c8eb0b7c510ef5b5a190f5ce87df5e006fe8b3453373f1221 [32m200 [0m2.299 ms - 1024[0m
[0mGET /api/getrawtransaction?txid=791ee260f5ef751eea2a58a4e897eb0886379abda877109d6957dd16ede24e0f&decrypt=1 [32m200 [0m2.164 ms - 669[0m
[0mGET /api/getblock?hash=3e8936e20aaab26c8eb0b7c510ef5b5a190f5ce87df5e006fe8b3453373f1221 [32m200 [0m2.001 ms - 1024[0m
[0mGET /api/getrawtransaction?txid=ab43389363ae8a02a18a8303c8f2cac7495ce2ff8ae788e3d3c42fa05f0d5241&decrypt=1 [32m200 [0m3.014 ms - 2155[0m
[0mGET /api/getblock?hash=3e8936e20aaab26c8eb0b7c510ef5b5a190f5ce87df5e006fe8b3453373f1221 [32m200 [0m2.000 ms - 1024[0m
[0mGET /api/getrawtransaction?txid=a75707159d286f146e5c9cc8953bbf4f6de88fc052d205416dfb2ab703e36acf&decrypt=1 [32m200 [0m3.284 ms - 2155[0m
[0mGET /api/getblockhash?height=112589 [32m200 [0m1.760 ms - 64[0m
[0mGET /api/getblock?hash=e815b9a53490db1dcd58305c9d6a93f335836f9ffad14f3af0158dcabb9570c4 [32m200 [0m2.118 ms - 1023[0m
[0mGET /api/getrawtransaction?txid=ece03d2d91b1dae76649340dc58c125c6dcde0323729e5ef09c2b8ac0487c411&decrypt=1 [32m200 [0m1.829 ms - 669[0m
[0mGET /api/getblock?hash=e815b9a53490db1dcd58305c9d6a93f335836f9ffad14f3af0158dcabb9570c4 [32m200 [0m2.188 ms - 1023[0m
[0mGET /api/getrawtransaction?txid=cea11ba6c69fcb3b78ab50e8cafe62b4eb665a67102806d69bd488b9ebd09742&decrypt=1 [32m200 [0m3.415 ms - 2161[0m
[0mGET /api/getblock?hash=e815b9a53490db1dcd58305c9d6a93f335836f9ffad14f3af0158dcabb9570c4 [32m200 [0m7.635 ms - 1023[0m
[0mGET /api/getrawtransaction?txid=0fb7097f2609d29f54ed7d07eea993bf9afe5707cde6ec731ab945ba2d279da6&decrypt=1 [32m200 [0m3.771 ms - 2155[0m
[0mGET /api/getblockhash?height=112590 [32m200 [0m1.637 ms - 64[0m
[0mGET /api/getblock?hash=495dc98fb99ba5e93f0e4b6a0b8413c0844aad7c7b33766bf2743a05ac673c3b [32m200 [0m2.027 ms - 1024[0m
[0mGET /api/getrawtransaction?txid=1ca960124ffe2060834c45dde315ad126b68859205c3bf30c17066f7034459a5&decrypt=1 [32m200 [0m1.991 ms - 669[0m
[0mGET /api/getblock?hash=495dc98fb99ba5e93f0e4b6a0b8413c0844aad7c7b33766bf2743a05ac673c3b [32m200 [0m1.904 ms - 1024[0m
[0mGET /api/getrawtransaction?txid=d221857a73e35a60dfa75e956ad341801d32e242d2c03a8ab4283a031a20e661&decrypt=1 [32m200 [0m3.053 ms - 2161[0m
[0mGET /api/getblock?hash=495dc98fb99ba5e93f0e4b6a0b8413c0844aad7c7b33766bf2743a05ac673c3b [32m200 [0m2.554 ms - 1024[0m
[0mGET /api/getrawtransaction?txid=f9d9f26ee6f6af643155e6e9cfba32eb226a7e259823328befaab9cc6b39d8a3&decrypt=1 [32m200 [0m2.839 ms - 2161[0m
[0mGET /api/getblockhash?height=112591 [32m200 [0m2.030 ms - 64[0m
[0mGET /api/getblock?hash=31561f577a752829e85c1bfbc629ab0d9d6503802d32a4f5ac9d227e10595929 [32m200 [0m3.548 ms - 1024[0m
[0mGET /api/getrawtransaction?txid=ea5c30f0bd3c56e6637fd68e204ca538634f1eed503a4052dee7e0752bc82ac7&decrypt=1 [32m200 [0m2.332 ms - 669[0m
[0mGET /api/getblock?hash=31561f577a752829e85c1bfbc629ab0d9d6503802d32a4f5ac9d227e10595929 [32m200 [0m1.903 ms - 1024[0m
[0mGET /api/getrawtransaction?txid=9623d2ca99bc9a0c455a60bb0b62633c242fcbca44c3c919a4760eef0bf96feb&decrypt=1 [32m200 [0m2.254 ms - 2642[0m
[0mGET /api/getblock?hash=31561f577a752829e85c1bfbc629ab0d9d6503802d32a4f5ac9d227e10595929 [32m200 [0m1.772 ms - 1024[0m
[0mGET /api/getrawtransaction?txid=2e5504e3cc36559cbaaf3e4dfb281693b97f1b18fef05d07ec03f2c3d5650384&decrypt=1 [32m200 [0m2.271 ms - 2648[0m
[0mGET /api/getblockhash?height=112592 [32m200 [0m1.708 ms - 64[0m
[0mGET /api/getblock?hash=010ab37a14dfabfc3c5742f3b4fb99a0fffff95156f0194ebed1dd4601410a7f [32m200 [0m1.744 ms - 1024[0m
[0mGET /api/getrawtransaction?txid=34e0e7061717559352df14919a111e3f78076fa1eb6cbe5041e9207b4339c509&decrypt=1 [32m200 [0m1.831 ms - 669[0m
[0mGET /api/getblock?hash=010ab37a14dfabfc3c5742f3b4fb99a0fffff95156f0194ebed1dd4601410a7f [32m200 [0m2.015 ms - 1024[0m
[0mGET /api/getrawtransaction?txid=727a0daf473aa41c21c898e09f8da28377871e1e801068782358b0ea8282fe61&decrypt=1 [32m200 [0m2.241 ms - 2358[0m
[0mGET /api/getblock?hash=010ab37a14dfabfc3c5742f3b4fb99a0fffff95156f0194ebed1dd4601410a7f [32m200 [0m4.641 ms - 1024[0m
[0mGET /api/getrawtransaction?txid=6990c632d0ecc5b89b6f63db5c1ece5eb95a68ee630d86ac800d0139142139f2&decrypt=1 [32m200 [0m150.135 ms - 458335[0m
[0mGET /api/getblockhash?height=112593 [32m200 [0m1.613 ms - 64[0m
[0mGET /api/getblock?hash=879d270b6c09e533b7e0da6cb9c6cf5adfdbef991a811ef9c5277bbdaf00a704 [32m200 [0m1.934 ms - 1024[0m
[0mGET /api/getrawtransaction?txid=5c50498fbe0efa9662ab4a6d35bc9c0a9802807a0bfae0e74a17f891b177d443&decrypt=1 [32m200 [0m1.965 ms - 669[0m
[0mGET /api/getblock?hash=879d270b6c09e533b7e0da6cb9c6cf5adfdbef991a811ef9c5277bbdaf00a704 [32m200 [0m3.101 ms - 1024[0m
[0mGET /api/getrawtransaction?txid=83cc70b3cb4f831d38ca997cd12d6c3e8524f23031aef764098271befac8f1a1&decrypt=1 [32m200 [0m2.334 ms - 2161[0m
[0mGET /api/getblock?hash=879d270b6c09e533b7e0da6cb9c6cf5adfdbef991a811ef9c5277bbdaf00a704 [32m200 [0m3.455 ms - 1024[0m
[0mGET /api/getrawtransaction?txid=e4bd55da271db36352841f5d02d99e93483375a213011031bc76bc7c5774360d&decrypt=1 [32m200 [0m7.639 ms - 2155[0m
[0mGET /api/getblockhash?height=112594 [32m200 [0m1.654 ms - 64[0m
[0mGET /api/getblock?hash=badad5b7c3c4173934c8e57f6db34a4d1c6b30bac1bb44783385d19663583e6b [32m200 [0m4.270 ms - 1024[0m
[0mGET /api/getrawtransaction?txid=7dab27f52bff48f426cf7f93fee170dbf2ce9a85f956f3d00579121bddde52b1&decrypt=1 [32m200 [0m1.958 ms - 669[0m
[0mGET /api/getblock?hash=badad5b7c3c4173934c8e57f6db34a4d1c6b30bac1bb44783385d19663583e6b [32m200 [0m2.037 ms - 1024[0m
[0mGET /api/getrawtransaction?txid=d587ea15a0653791f74a6d38b71f2529810ae6d565035e42a00c1d50e7abcda6&decrypt=1 [32m200 [0m4.861 ms - 2155[0m
[0mGET /api/getblock?hash=badad5b7c3c4173934c8e57f6db34a4d1c6b30bac1bb44783385d19663583e6b [32m200 [0m5.010 ms - 1024[0m
[0mGET /api/getrawtransaction?txid=f73c08fac258ec17ecc15233d7ea6ece77afc32f010a25cf28180359655b53da&decrypt=1 [32m200 [0m2.782 ms - 2161[0m
[0mGET /api/getblockhash?height=112595 [32m200 [0m1.667 ms - 64[0m
[0mGET /api/getblock?hash=c0683c329e20dc70766182aff5e659ca6dff691b90ee91d7e46ded42946ecd66 [32m200 [0m3.434 ms - 1024[0m
[0mGET /api/getrawtransaction?txid=68433993996f15708879c64faccaa17db989dc7a927916852597cf0268406cc0&decrypt=1 [32m200 [0m1.882 ms - 669[0m
[0mGET /api/getblock?hash=c0683c329e20dc70766182aff5e659ca6dff691b90ee91d7e46ded42946ecd66 [32m200 [0m1.949 ms - 1024[0m
[0mGET /api/getrawtransaction?txid=0046eef375a1d326bcdea92c14d0f859a6d6f203356655e2397cf2b1cba6ebcb&decrypt=1 [32m200 [0m4.610 ms - 2642[0m
[0mGET /api/getblock?hash=c0683c329e20dc70766182aff5e659ca6dff691b90ee91d7e46ded42946ecd66 [32m200 [0m3.979 ms - 1024[0m
[0mGET /api/getrawtransaction?txid=70cbffdeb2e8bd88ecc87c3a4c97d7cd24602eea9c5ee7ec9dcd40efb848eeb1&decrypt=1 [32m200 [0m2.020 ms - 2648[0m
[0mGET /api/getblockhash?height=112596 [32m200 [0m1.623 ms - 64[0m
[0mGET /api/getblock?hash=0bfb9cf94002098b527d197c98d5506d421a816fe17d12259c244666413e1720 [32m200 [0m2.045 ms - 1024[0m
[0mGET /api/getrawtransaction?txid=38e5067bb9093d824d32534e46e675df9d85be63cd5202af77700a2d187b692e&decrypt=1 [32m200 [0m1.990 ms - 669[0m
[0mGET /api/getblock?hash=0bfb9cf94002098b527d197c98d5506d421a816fe17d12259c244666413e1720 [32m200 [0m7.548 ms - 1024[0m
[0mGET /api/getrawtransaction?txid=babf6b596f16a479c6d44ed3cbd2909921ba0af4b852f998b982c1d9f1f4cb4c&decrypt=1 [32m200 [0m2.124 ms - 2154[0m
[0mGET /api/getblock?hash=0bfb9cf94002098b527d197c98d5506d421a816fe17d12259c244666413e1720 [32m200 [0m1.913 ms - 1024[0m
[0mGET /api/getrawtransaction?txid=5be61a06ce63efd4f61caa3e855e725a9ea07cc423305d2a8f278c5e346fb8cf&decrypt=1 [32m200 [0m3.207 ms - 2154[0m
[0mGET /api/getblockhash?height=112597 [32m200 [0m1.582 ms - 64[0m
[0mGET /api/getblock?hash=2c257387eaf2d149d9cd12a59f55e24a15a0fd8c0cb9400922a83cbe7acf1020 [32m200 [0m3.622 ms - 1024[0m

> explorer@1.7.1 start /root/Explorer
> node --stack-size=10000 ./bin/cluster

Starting cluster with pid: 3366
[0mGET /address/PZrA1JiBg7g8FLPVqVVEAF3ZVab25DEgfN [32m200 [0m1239.173 ms - 10185[0m
[0mGET / [36m304 [0m472.642 ms - -[0m
[0mGET /themes/Cerulean/bootstrap.min.css [36m304 [0m2.283 ms - -[0m
[0mGET /vendor/jqplot/jquery.jqplot.css [36m304 [0m0.981 ms - -[0m
[0mGET /vendor/flags-css/css/flag-icon.min.css [36m304 [0m2.879 ms - -[0m
[0mGET /stylesheets/style.css [36m304 [0m0.584 ms - -[0m
[0mGET /javascripts/analytics.js [36m304 [0m0.866 ms - -[0m
[0mGET /vendor/jqplot/jquery.jqplot.min.js [36m304 [0m0.483 ms - -[0m
[0mGET /vendor/jqplot/plugins/jqplot.dateAxisRenderer.min.js [36m304 [0m0.489 ms - -[0m
[0mGET /vendor/jqplot/plugins/jqplot.highlighter.min.js [36m304 [0m1.801 ms - -[0m
[0mGET /vendor/jqplot/plugins/jqplot.ohlcRenderer.min.js [36m304 [0m0.837 ms - -[0m
[0mGET /vendor/jqplot/plugins/jqplot.categoryAxisRenderer.min.js [36m304 [0m3.066 ms - -[0m
[0mGET /javascripts/chart.js [36m304 [0m2.213 ms - -[0m
[0mGET /images/logo-top.png [36m304 [0m1.852 ms - -[0m
[0mGET /vendor/jqplot/plugins/jqplot.barRenderer.min.js [36m304 [0m0.357 ms - -[0m
[0mGET /vendor/jqplot/plugins/jqplot.pieRenderer.min.js [36m304 [0m0.892 ms - -[0m
[0mGET /address/PZBTWRoqKKfsc8TPhSUGXuvoZJ9ZKiDQ4e [32m200 [0m295.505 ms - 10185[0m
[0mGET /datatable/lang [36m304 [0m10.847 ms - -[0m
[0mGET /api/getdifficulty [32m200 [0m16.770 ms - 17[0m
[0mGET /api/getnetworkhashps [32m200 [0m7.261 ms - 13[0m
[0mGET /api/getconnectioncount [32m200 [0m2.842 ms - 2[0m
[0mGET /api/getmasternodecount [32m200 [0m16.473 ms - 134[0m
[0mGET /themes/fonts/glyphicons-halflings-regular.woff2 [36m304 [0m1.389 ms - -[0m
[0mGET /api/getblockcount [32m200 [0m2.928 ms - 6[0m
[0mGET /ext/summary [32m200 [0m105.841 ms - 223[0m
[0mGET /ext/getlasttxs/0.00000001?_=1560969464885 [32m200 [0m144.876 ms - 42303[0m
[0mGET /api/getrawtransaction?txid=a64370277718bfb8493544640c5f9d96ca9891d939c491a6592fe0f854104eeb&decrypt=1 [32m200 [0m6.042 ms - 669[0m
[0mGET /api/getblockcount [32m200 [0m2.516 ms - 6[0m
[0mGET /tx/a64370277718bfb8493544640c5f9d96ca9891d939c491a6592fe0f854104eeb [32m200 [0m431.569 ms - 9532[0m
[0mGET /api/getblock?hash=daa470d14e2483b6d443f9ed28d68e066465cdb32fbcb831cfb77bbd138adf8f [32m200 [0m4.074 ms - 1022[0m
[0mGET /api/getrawtransaction?txid=0933b7f8b3466eb50adee3dde95ab5fbecce3d00bc1d1d8841c32364b0f7fefb&decrypt=1 [32m200 [0m2.317 ms - 665[0m
[0mGET /api/getblock?hash=daa470d14e2483b6d443f9ed28d68e066465cdb32fbcb831cfb77bbd138adf8f [32m200 [0m2.303 ms - 1022[0m
[0mGET /api/getrawtransaction?txid=3b05d331ac1d4e73e1de6a68492c26693e635a4a600e074f8593f5f7398d1fee&decrypt=1 [32m200 [0m3.239 ms - 2154[0m
[0mGET /api/getblock?hash=daa470d14e2483b6d443f9ed28d68e066465cdb32fbcb831cfb77bbd138adf8f [32m200 [0m2.356 ms - 1022[0m
[0mGET /api/getrawtransaction?txid=722cf45cfb8649d23f551c307d949451f12f29224353a8cce807d46880a4916c&decrypt=1 [32m200 [0m3.194 ms - 2847[0m
tx.vout: %o [ { value: 0,
    n: 0,
    scriptPubKey: { asm: '', hex: '', type: 'nonstandard' } },
  { value: 3130.5,
    n: 1,
    scriptPubKey: 
     { asm: '0324084ff8a649f266a88e17723fc5f0691bff29cf39c47a2b17590efb79fe3802 OP_CHECKSIG',
       hex: '210324084ff8a649f266a88e17723fc5f0691bff29cf39c47a2b17590efb79fe3802ac',
       reqSigs: 1,
       type: 'pubkey',
       addresses: [Object] } },
  { value: 3112.5,
    n: 2,
    scriptPubKey: 
     { asm: '0324084ff8a649f266a88e17723fc5f0691bff29cf39c47a2b17590efb79fe3802 OP_CHECKSIG',
       hex: '210324084ff8a649f266a88e17723fc5f0691bff29cf39c47a2b17590efb79fe3802ac',
       reqSigs: 1,
       type: 'pubkey',
       addresses: [Object] } },
  { value: 18,
    n: 3,
    scriptPubKey: 
     { asm: 'OP_DUP OP_HASH160 0afbfb46113279a84dbeaa33daaca10703a54707 OP_EQUALVERIFY OP_CHECKSIG',
       hex: '76a9140afbfb46113279a84dbeaa33daaca10703a5470788ac',
       reqSigs: 1,
       type: 'pubkeyhash',
       addresses: [Object] } } ]
[0mGET /block/daa470d14e2483b6d443f9ed28d68e066465cdb32fbcb831cfb77bbd138adf8f [32m200 [0m342.799 ms - 10976[0m
[0mGET /ext/getlasttxs/0.00000001?_=1560968274406 [32m200 [0m55.379 ms - 42302[0m
[0mGET /api/getrawtransaction?txid=756146b4d0cc4d35c8a9b2d7aa9a89f82c4db675ffb53e88c653096a94e61914&decrypt=1 [32m200 [0m3.840 ms - 2368[0m
[0mGET /api/getrawtransaction?txid=f4e901c5dea2a79774f31d46aae062146939a8675c0243c3b5b7bd0c0acdafc4&decrypt=1 [32m200 [0m8.439 ms - 11004[0m
tx.vout: %o [ { value: 153.99982939,
    n: 0,
    scriptPubKey: 
     { asm: 'OP_DUP OP_HASH160 c1ddf2c954ac1f8da31bfe950d7d51f34495025e OP_EQUALVERIFY OP_CHECKSIG',
       hex: '76a914c1ddf2c954ac1f8da31bfe950d7d51f34495025e88ac',
       reqSigs: 1,
       type: 'pubkeyhash',
       addresses: [Object] } } ]
[0mGET /api/getblockcount [32m200 [0m1.745 ms - 6[0m
[0mGET /tx/756146b4d0cc4d35c8a9b2d7aa9a89f82c4db675ffb53e88c653096a94e61914 [32m200 [0m221.669 ms - 10807[0m

> explorer@1.7.1 start /root/Explorer
> node --stack-size=10000 ./bin/cluster

Starting cluster with pid: 4151
[0mGET / [36m304 [0m1190.587 ms - -[0m
[0mGET /themes/Cerulean/bootstrap.min.css [36m304 [0m3.966 ms - -[0m
[0mGET /vendor/jqplot/jquery.jqplot.css [36m304 [0m1.137 ms - -[0m
[0mGET /vendor/flags-css/css/flag-icon.min.css [36m304 [0m3.431 ms - -[0m
[0mGET /stylesheets/style.css [36m304 [0m4.858 ms - -[0m
[0mGET /javascripts/analytics.js [36m304 [0m4.103 ms - -[0m
[0mGET /vendor/jqplot/jquery.jqplot.min.js [36m304 [0m0.376 ms - -[0m
[0mGET /vendor/jqplot/plugins/jqplot.dateAxisRenderer.min.js [36m304 [0m0.527 ms - -[0m
[0mGET /vendor/jqplot/plugins/jqplot.ohlcRenderer.min.js [36m304 [0m0.551 ms - -[0m
[0mGET /vendor/jqplot/plugins/jqplot.pieRenderer.min.js [36m304 [0m1.320 ms - -[0m
[0mGET /vendor/jqplot/plugins/jqplot.highlighter.min.js [36m304 [0m0.955 ms - -[0m
[0mGET /javascripts/chart.js [36m304 [0m3.454 ms - -[0m
[0mGET /images/logo-top.png [36m304 [0m1.955 ms - -[0m
[0mGET /vendor/jqplot/plugins/jqplot.categoryAxisRenderer.min.js [36m304 [0m0.492 ms - -[0m
[0mGET /vendor/jqplot/plugins/jqplot.barRenderer.min.js [36m304 [0m0.470 ms - -[0m
[0mGET /datatable/lang [36m304 [0m4.158 ms - -[0m
[0mGET /api/getdifficulty [32m200 [0m11.312 ms - 17[0m
[0mGET /themes/fonts/glyphicons-halflings-regular.woff2 [36m304 [0m0.609 ms - -[0m
[0mGET /api/getnetworkhashps [32m200 [0m7.419 ms - 13[0m
[0mGET /api/getconnectioncount [32m200 [0m3.273 ms - 2[0m
[0mGET /api/getmasternodecount [32m200 [0m16.648 ms - 134[0m
[0mGET /api/getblockcount [32m200 [0m10.929 ms - 6[0m
[0mGET /ext/summary [32m200 [0m113.818 ms - 223[0m
[0mGET /ext/getlasttxs/0.00000001?_=1560970331293 [32m200 [0m173.818 ms - 44515[0m
